[ 2016-11-08T15:52:30+08:00 ] 127.0.0.1 /cmbch5/
INFO: [ app_init ] --START--
INFO: Run Behavior\BuildLiteBehavior [ RunTime:0.000000s ]
INFO: [ app_init ] --END-- [ RunTime:0.015001s ]
INFO: [ app_begin ] --START--
INFO: Run Behavior\ReadHtmlCacheBehavior [ RunTime:0.001000s ]
INFO: [ app_begin ] --END-- [ RunTime:0.001000s ]
ERR: 无法加载控制器:Index

[ 2016-11-08T15:53:05+08:00 ] 127.0.0.1 /cmbch5/
INFO: [ app_init ] --START--
INFO: Run Behavior\BuildLiteBehavior [ RunTime:0.000000s ]
INFO: [ app_init ] --END-- [ RunTime:0.000000s ]
INFO: [ app_begin ] --START--
INFO: Run Behavior\ReadHtmlCacheBehavior [ RunTime:0.001000s ]
INFO: [ app_begin ] --END-- [ RunTime:0.001000s ]
NOTIC: [8] Use of undefined constant online_redis_server - assumed 'online_redis_server' C:\xampp\htdocs\cmbch5\Application\Home\Controller\IndexController.class.php 第 16 行.

[ 2016-11-08T15:54:19+08:00 ] 127.0.0.1 /cmbch5/
INFO: [ app_init ] --START--
INFO: Run Behavior\BuildLiteBehavior [ RunTime:0.000000s ]
INFO: [ app_init ] --END-- [ RunTime:0.000000s ]
INFO: [ app_begin ] --START--
INFO: Run Behavior\ReadHtmlCacheBehavior [ RunTime:0.001000s ]
INFO: [ app_begin ] --END-- [ RunTime:0.001000s ]

[ 2016-11-08T15:55:06+08:00 ] 127.0.0.1 /cmbch5/
INFO: [ app_init ] --START--
INFO: Run Behavior\BuildLiteBehavior [ RunTime:0.000000s ]
INFO: [ app_init ] --END-- [ RunTime:0.000000s ]
INFO: [ app_begin ] --START--
INFO: Run Behavior\ReadHtmlCacheBehavior [ RunTime:0.001000s ]
INFO: [ app_begin ] --END-- [ RunTime:0.001000s ]
NOTIC: [8] Use of undefined constant CURLOP_TIMEOUT - assumed 'CURLOP_TIMEOUT' C:\xampp\htdocs\cmbch5\Application\Home\Common\function.php 第 6 行.
NOTIC: [2] curl_setopt() expects parameter 2 to be long, string given C:\xampp\htdocs\cmbch5\Application\Home\Common\function.php 第 6 行.
ERR: SQLSTATE[HY000] [1045] Access denied for user 'root'@'localhost' (using password: YES)

[ 2016-11-08T15:55:53+08:00 ] 127.0.0.1 /cmbch5/
INFO: [ app_init ] --START--
INFO: Run Behavior\BuildLiteBehavior [ RunTime:0.000000s ]
INFO: [ app_init ] --END-- [ RunTime:0.000000s ]
INFO: [ app_begin ] --START--
INFO: Run Behavior\ReadHtmlCacheBehavior [ RunTime:0.000000s ]
INFO: [ app_begin ] --END-- [ RunTime:0.000000s ]
ERR: SQLSTATE[HY000] [1045] Access denied for user 'root'@'localhost' (using password: YES)

[ 2016-11-08T15:55:54+08:00 ] 127.0.0.1 /cmbch5/
INFO: [ app_init ] --START--
INFO: Run Behavior\BuildLiteBehavior [ RunTime:0.000000s ]
INFO: [ app_init ] --END-- [ RunTime:0.000000s ]
INFO: [ app_begin ] --START--
INFO: Run Behavior\ReadHtmlCacheBehavior [ RunTime:0.000000s ]
INFO: [ app_begin ] --END-- [ RunTime:0.000000s ]
ERR: SQLSTATE[HY000] [1045] Access denied for user 'root'@'localhost' (using password: YES)

[ 2016-11-08T15:56:10+08:00 ] 127.0.0.1 /cmbch5/
INFO: [ app_init ] --START--
INFO: Run Behavior\BuildLiteBehavior [ RunTime:0.000000s ]
INFO: [ app_init ] --END-- [ RunTime:0.000000s ]
INFO: [ app_begin ] --START--
INFO: Run Behavior\ReadHtmlCacheBehavior [ RunTime:0.000000s ]
INFO: [ app_begin ] --END-- [ RunTime:0.000000s ]
ERR: SQLSTATE[HY000] [1049] Unknown database 'uatzsmp'

[ 2016-11-08T15:56:11+08:00 ] 127.0.0.1 /cmbch5/
INFO: [ app_init ] --START--
INFO: Run Behavior\BuildLiteBehavior [ RunTime:0.000000s ]
INFO: [ app_init ] --END-- [ RunTime:0.000000s ]
INFO: [ app_begin ] --START--
INFO: Run Behavior\ReadHtmlCacheBehavior [ RunTime:0.000000s ]
INFO: [ app_begin ] --END-- [ RunTime:0.000000s ]
ERR: SQLSTATE[HY000] [1049] Unknown database 'uatzsmp'

[ 2016-11-08T15:56:21+08:00 ] 127.0.0.1 /cmbch5/
INFO: [ app_init ] --START--
INFO: Run Behavior\BuildLiteBehavior [ RunTime:0.000000s ]
INFO: [ app_init ] --END-- [ RunTime:0.000000s ]
INFO: [ app_begin ] --START--
INFO: Run Behavior\ReadHtmlCacheBehavior [ RunTime:0.000000s ]
INFO: [ app_begin ] --END-- [ RunTime:0.000000s ]
SQL: SHOW COLUMNS FROM `tb_user` [ RunTime:0.0010s ]

[ 2016-11-08T15:56:22+08:00 ] 127.0.0.1 /cmbch5/
INFO: [ app_init ] --START--
INFO: Run Behavior\BuildLiteBehavior [ RunTime:0.000000s ]
INFO: [ app_init ] --END-- [ RunTime:0.000000s ]
INFO: [ app_begin ] --START--
INFO: Run Behavior\ReadHtmlCacheBehavior [ RunTime:0.000000s ]
INFO: [ app_begin ] --END-- [ RunTime:0.000000s ]
SQL: SHOW COLUMNS FROM `tb_user` [ RunTime:0.0010s ]

[ 2016-11-08T15:56:35+08:00 ] 127.0.0.1 /cmbch5/
INFO: [ app_init ] --START--
INFO: Run Behavior\BuildLiteBehavior [ RunTime:0.000000s ]
INFO: [ app_init ] --END-- [ RunTime:0.000000s ]
INFO: [ app_begin ] --START--
INFO: Run Behavior\ReadHtmlCacheBehavior [ RunTime:0.000000s ]
INFO: [ app_begin ] --END-- [ RunTime:0.000000s ]
SQL: SHOW COLUMNS FROM `tb_user` [ RunTime:0.0010s ]

[ 2016-11-08T15:57:14+08:00 ] 127.0.0.1 /cmbch5/
INFO: [ app_init ] --START--
INFO: Run Behavior\BuildLiteBehavior [ RunTime:0.000000s ]
INFO: [ app_init ] --END-- [ RunTime:0.000000s ]
INFO: [ app_begin ] --START--
INFO: Run Behavior\ReadHtmlCacheBehavior [ RunTime:0.001000s ]
INFO: [ app_begin ] --END-- [ RunTime:0.001000s ]
SQL: SHOW COLUMNS FROM `tb_user` [ RunTime:0.0010s ]

[ 2016-11-08T16:00:36+08:00 ] 127.0.0.1 /cmbch5/
INFO: [ app_init ] --START--
INFO: Run Behavior\BuildLiteBehavior [ RunTime:0.000000s ]
INFO: [ app_init ] --END-- [ RunTime:0.000000s ]
INFO: [ app_begin ] --START--
INFO: Run Behavior\ReadHtmlCacheBehavior [ RunTime:0.000000s ]
INFO: [ app_begin ] --END-- [ RunTime:0.000000s ]
SQL: SHOW COLUMNS FROM `tb_user` [ RunTime:0.0010s ]
SQL: SELECT * FROM `tb_user` WHERE ( openid='123' ) LIMIT 1   [ RunTime:0.0010s ]
SQL: INSERT INTO `tb_user` (`openid`,`createtime`,`browsetime`) VALUES ('123','2016-11-08 16:00:36','2016-11-08 16:00:36') [ RunTime:0.0260s ]
INFO: [ app_end ] --START--
INFO: Run Behavior\ShowPageTraceBehavior [ RunTime:0.015001s ]
INFO: [ app_end ] --END-- [ RunTime:0.015001s ]

[ 2016-11-08T16:16:11+08:00 ] 127.0.0.1 /cmbch5/index.php/home/index/doorder
INFO: [ app_init ] --START--
INFO: Run Behavior\BuildLiteBehavior [ RunTime:0.000000s ]
INFO: [ app_init ] --END-- [ RunTime:0.000000s ]
INFO: [ app_begin ] --START--
INFO: Run Behavior\ReadHtmlCacheBehavior [ RunTime:0.000000s ]
INFO: [ app_begin ] --END-- [ RunTime:0.001000s ]
SQL: SHOW COLUMNS FROM `tb_user` [ RunTime:0.0010s ]
SQL: SELECT * FROM `tb_user` WHERE ( openid='123' ) LIMIT 1   [ RunTime:0.0000s ]
SQL: UPDATE `tb_user` SET `browsetime`='2016-11-08 16:16:11' WHERE ( openid = '123' ) [ RunTime:0.0000s ]
SQL: SHOW COLUMNS FROM `tb_product` [ RunTime:0.0010s ]
SQL: SHOW COLUMNS FROM `tb_product_group` [ RunTime:0.0010s ]
SQL: SHOW COLUMNS FROM `tb_product_code` [ RunTime:0.0010s ]
SQL: SHOW COLUMNS FROM `tb_order` [ RunTime:0.0010s ]
SQL: SELECT * FROM `tb_product_group` WHERE ( status=1 )  [ RunTime:0.0000s ]
SQL: SELECT * FROM `tb_product` WHERE `id` IN ('230','231')  [ RunTime:0.1490s ]
NOTIC: [8] Undefined index: verification C:\xampp\htdocs\cmbch5\Application\Home\Controller\IndexController.class.php 第 117 行.
NOTIC: [8] Undefined index: verification C:\xampp\htdocs\cmbch5\Application\Home\Controller\IndexController.class.php 第 117 行.
NOTIC: [8] Undefined variable: gourp C:\xampp\htdocs\cmbch5\Application\Home\Controller\IndexController.class.php 第 127 行.
ERR: 1048:Column 'group_id' cannot be null
 [ SQL语句 ] : INSERT INTO `tb_order` (`tel`,`userid`,`group_id`,`msgcontent`,`productcode`,`remark`,`createtime`,`updatetime`) VALUES ('17751289893','2051233',NULL,'123:','','','2016-11-08 16:16:11','2016-11-08 16:16:11')
ERR: 1048:Column 'group_id' cannot be null
 [ SQL语句 ] : INSERT INTO `tb_order` (`tel`,`userid`,`group_id`,`msgcontent`,`productcode`,`remark`,`createtime`,`updatetime`) VALUES ('17751289893','2051233',NULL,'123:','','','2016-11-08 16:16:11','2016-11-08 16:16:11')

[ 2016-11-08T16:18:06+08:00 ] 127.0.0.1 /cmbch5/index.php/home/index/doorder
INFO: [ app_init ] --START--
INFO: Run Behavior\BuildLiteBehavior [ RunTime:0.000000s ]
INFO: [ app_init ] --END-- [ RunTime:0.000000s ]
INFO: [ app_begin ] --START--
INFO: Run Behavior\ReadHtmlCacheBehavior [ RunTime:0.001000s ]
INFO: [ app_begin ] --END-- [ RunTime:0.001000s ]
SQL: SHOW COLUMNS FROM `tb_user` [ RunTime:0.0010s ]
SQL: SHOW COLUMNS FROM `tb_product` [ RunTime:0.0010s ]
SQL: SHOW COLUMNS FROM `tb_product_group` [ RunTime:0.0010s ]
SQL: SHOW COLUMNS FROM `tb_product_code` [ RunTime:0.0010s ]
SQL: SHOW COLUMNS FROM `tb_order` [ RunTime:0.0010s ]
SQL: SELECT * FROM `tb_product_group` WHERE ( status=1 )  [ RunTime:0.0000s ]
SQL: SELECT * FROM `tb_product` WHERE `id` IN ('232','231')  [ RunTime:0.0010s ]
NOTIC: [8] Undefined index: verification C:\xampp\htdocs\cmbch5\Application\Home\Controller\IndexController.class.php 第 117 行.
NOTIC: [8] Undefined index: verification C:\xampp\htdocs\cmbch5\Application\Home\Controller\IndexController.class.php 第 117 行.
NOTIC: [8] Undefined variable: gourp C:\xampp\htdocs\cmbch5\Application\Home\Controller\IndexController.class.php 第 127 行.
ERR: 1048:Column 'group_id' cannot be null
 [ SQL语句 ] : INSERT INTO `tb_order` (`tel`,`userid`,`group_id`,`msgcontent`,`productcode`,`remark`,`createtime`,`updatetime`) VALUES ('17751289893','2051233',NULL,'111:','','','2016-11-08 16:18:06','2016-11-08 16:18:06')
ERR: 1048:Column 'group_id' cannot be null
 [ SQL语句 ] : INSERT INTO `tb_order` (`tel`,`userid`,`group_id`,`msgcontent`,`productcode`,`remark`,`createtime`,`updatetime`) VALUES ('17751289893','2051233',NULL,'111:','','','2016-11-08 16:18:06','2016-11-08 16:18:06')

[ 2016-11-08T16:18:27+08:00 ] 127.0.0.1 /cmbch5/index.php/home/index/doorder
INFO: [ app_init ] --START--
INFO: Run Behavior\BuildLiteBehavior [ RunTime:0.000000s ]
INFO: [ app_init ] --END-- [ RunTime:0.000000s ]
INFO: [ app_begin ] --START--
INFO: Run Behavior\ReadHtmlCacheBehavior [ RunTime:0.001000s ]
INFO: [ app_begin ] --END-- [ RunTime:0.001000s ]
SQL: SHOW COLUMNS FROM `tb_user` [ RunTime:0.0010s ]
SQL: SHOW COLUMNS FROM `tb_product` [ RunTime:0.0010s ]
SQL: SHOW COLUMNS FROM `tb_product_group` [ RunTime:0.0020s ]
SQL: SHOW COLUMNS FROM `tb_product_code` [ RunTime:0.0010s ]
SQL: SHOW COLUMNS FROM `tb_order` [ RunTime:0.0020s ]
SQL: SELECT * FROM `tb_product_group` WHERE ( status=1 )  [ RunTime:0.0000s ]

[ 2016-11-08T16:18:38+08:00 ] 127.0.0.1 /cmbch5/index.php/home/index/doorder
INFO: [ app_init ] --START--
INFO: Run Behavior\BuildLiteBehavior [ RunTime:0.000000s ]
INFO: [ app_init ] --END-- [ RunTime:0.000000s ]
INFO: [ app_begin ] --START--
INFO: Run Behavior\ReadHtmlCacheBehavior [ RunTime:0.000000s ]
INFO: [ app_begin ] --END-- [ RunTime:0.000000s ]
SQL: SHOW COLUMNS FROM `tb_user` [ RunTime:0.0020s ]
SQL: SHOW COLUMNS FROM `tb_product` [ RunTime:0.0010s ]
SQL: SHOW COLUMNS FROM `tb_product_group` [ RunTime:0.0010s ]
SQL: SHOW COLUMNS FROM `tb_product_code` [ RunTime:0.0010s ]
SQL: SHOW COLUMNS FROM `tb_order` [ RunTime:0.0010s ]
SQL: SELECT * FROM `tb_product_group` WHERE ( status=1 )  [ RunTime:0.0000s ]

[ 2016-11-08T16:18:55+08:00 ] 127.0.0.1 /cmbch5/index.php/home/index/doorder
INFO: [ app_init ] --START--
INFO: Run Behavior\BuildLiteBehavior [ RunTime:0.000000s ]
INFO: [ app_init ] --END-- [ RunTime:0.000000s ]
INFO: [ app_begin ] --START--
INFO: Run Behavior\ReadHtmlCacheBehavior [ RunTime:0.000000s ]
INFO: [ app_begin ] --END-- [ RunTime:0.000000s ]
SQL: SHOW COLUMNS FROM `tb_user` [ RunTime:0.0010s ]
SQL: SHOW COLUMNS FROM `tb_product` [ RunTime:0.0010s ]
SQL: SHOW COLUMNS FROM `tb_product_group` [ RunTime:0.0010s ]
SQL: SHOW COLUMNS FROM `tb_product_code` [ RunTime:0.0010s ]
SQL: SHOW COLUMNS FROM `tb_order` [ RunTime:0.0020s ]
SQL: SELECT * FROM `tb_product_group` WHERE ( status=1 )  [ RunTime:0.0000s ]

[ 2016-11-08T16:18:56+08:00 ] 127.0.0.1 /cmbch5/index.php/home/index/doorder
INFO: [ app_init ] --START--
INFO: Run Behavior\BuildLiteBehavior [ RunTime:0.000000s ]
INFO: [ app_init ] --END-- [ RunTime:0.000000s ]
INFO: [ app_begin ] --START--
INFO: Run Behavior\ReadHtmlCacheBehavior [ RunTime:0.000000s ]
INFO: [ app_begin ] --END-- [ RunTime:0.000000s ]
SQL: SHOW COLUMNS FROM `tb_user` [ RunTime:0.0020s ]
SQL: SHOW COLUMNS FROM `tb_product` [ RunTime:0.0010s ]
SQL: SHOW COLUMNS FROM `tb_product_group` [ RunTime:0.0010s ]
SQL: SHOW COLUMNS FROM `tb_product_code` [ RunTime:0.0010s ]
SQL: SHOW COLUMNS FROM `tb_order` [ RunTime:0.0010s ]
SQL: SELECT * FROM `tb_product_group` WHERE ( status=1 )  [ RunTime:0.0000s ]

[ 2016-11-08T16:18:57+08:00 ] 127.0.0.1 /cmbch5/index.php/home/index/doorder
INFO: [ app_init ] --START--
INFO: Run Behavior\BuildLiteBehavior [ RunTime:0.000000s ]
INFO: [ app_init ] --END-- [ RunTime:0.000000s ]
INFO: [ app_begin ] --START--
INFO: Run Behavior\ReadHtmlCacheBehavior [ RunTime:0.000000s ]
INFO: [ app_begin ] --END-- [ RunTime:0.000000s ]
SQL: SHOW COLUMNS FROM `tb_user` [ RunTime:0.0010s ]
SQL: SHOW COLUMNS FROM `tb_product` [ RunTime:0.0010s ]
SQL: SHOW COLUMNS FROM `tb_product_group` [ RunTime:0.0010s ]
SQL: SHOW COLUMNS FROM `tb_product_code` [ RunTime:0.0010s ]
SQL: SHOW COLUMNS FROM `tb_order` [ RunTime:0.0010s ]
SQL: SELECT * FROM `tb_product_group` WHERE ( status=1 )  [ RunTime:0.0000s ]

[ 2016-11-08T16:18:57+08:00 ] 127.0.0.1 /cmbch5/index.php/home/index/doorder
INFO: [ app_init ] --START--
INFO: Run Behavior\BuildLiteBehavior [ RunTime:0.000000s ]
INFO: [ app_init ] --END-- [ RunTime:0.000000s ]
INFO: [ app_begin ] --START--
INFO: Run Behavior\ReadHtmlCacheBehavior [ RunTime:0.000000s ]
INFO: [ app_begin ] --END-- [ RunTime:0.000000s ]
SQL: SHOW COLUMNS FROM `tb_user` [ RunTime:0.0020s ]
SQL: SHOW COLUMNS FROM `tb_product` [ RunTime:0.0020s ]
SQL: SHOW COLUMNS FROM `tb_product_group` [ RunTime:0.0020s ]
SQL: SHOW COLUMNS FROM `tb_product_code` [ RunTime:0.0020s ]
SQL: SHOW COLUMNS FROM `tb_order` [ RunTime:0.0020s ]
SQL: SELECT * FROM `tb_product_group` WHERE ( status=1 )  [ RunTime:0.0010s ]

[ 2016-11-08T16:18:57+08:00 ] 127.0.0.1 /cmbch5/index.php/home/index/doorder
INFO: [ app_init ] --START--
INFO: Run Behavior\BuildLiteBehavior [ RunTime:0.000000s ]
INFO: [ app_init ] --END-- [ RunTime:0.000000s ]
INFO: [ app_begin ] --START--
INFO: Run Behavior\ReadHtmlCacheBehavior [ RunTime:0.000000s ]
INFO: [ app_begin ] --END-- [ RunTime:0.000000s ]
SQL: SHOW COLUMNS FROM `tb_user` [ RunTime:0.0010s ]
SQL: SHOW COLUMNS FROM `tb_product` [ RunTime:0.0010s ]
SQL: SHOW COLUMNS FROM `tb_product_group` [ RunTime:0.0010s ]
SQL: SHOW COLUMNS FROM `tb_product_code` [ RunTime:0.0010s ]
SQL: SHOW COLUMNS FROM `tb_order` [ RunTime:0.0020s ]
SQL: SELECT * FROM `tb_product_group` WHERE ( status=1 )  [ RunTime:0.0000s ]

[ 2016-11-08T16:18:57+08:00 ] 127.0.0.1 /cmbch5/index.php/home/index/doorder
INFO: [ app_init ] --START--
INFO: Run Behavior\BuildLiteBehavior [ RunTime:0.000000s ]
INFO: [ app_init ] --END-- [ RunTime:0.000000s ]
INFO: [ app_begin ] --START--
INFO: Run Behavior\ReadHtmlCacheBehavior [ RunTime:0.000000s ]
INFO: [ app_begin ] --END-- [ RunTime:0.000000s ]
SQL: SHOW COLUMNS FROM `tb_user` [ RunTime:0.0010s ]
SQL: SHOW COLUMNS FROM `tb_product` [ RunTime:0.0010s ]
SQL: SHOW COLUMNS FROM `tb_product_group` [ RunTime:0.0010s ]
SQL: SHOW COLUMNS FROM `tb_product_code` [ RunTime:0.0010s ]
SQL: SHOW COLUMNS FROM `tb_order` [ RunTime:0.0010s ]
SQL: SELECT * FROM `tb_product_group` WHERE ( status=1 )  [ RunTime:0.0000s ]

[ 2016-11-08T16:18:58+08:00 ] 127.0.0.1 /cmbch5/index.php/home/index/doorder
INFO: [ app_init ] --START--
INFO: Run Behavior\BuildLiteBehavior [ RunTime:0.000000s ]
INFO: [ app_init ] --END-- [ RunTime:0.000000s ]
INFO: [ app_begin ] --START--
INFO: Run Behavior\ReadHtmlCacheBehavior [ RunTime:0.001000s ]
INFO: [ app_begin ] --END-- [ RunTime:0.001000s ]
SQL: SHOW COLUMNS FROM `tb_user` [ RunTime:0.0010s ]
SQL: SHOW COLUMNS FROM `tb_product` [ RunTime:0.0010s ]
SQL: SHOW COLUMNS FROM `tb_product_group` [ RunTime:0.0010s ]
SQL: SHOW COLUMNS FROM `tb_product_code` [ RunTime:0.0000s ]
SQL: SHOW COLUMNS FROM `tb_order` [ RunTime:0.0010s ]
SQL: SELECT * FROM `tb_product_group` WHERE ( status=1 )  [ RunTime:0.0000s ]

[ 2016-11-08T16:18:58+08:00 ] 127.0.0.1 /cmbch5/index.php/home/index/doorder
INFO: [ app_init ] --START--
INFO: Run Behavior\BuildLiteBehavior [ RunTime:0.000000s ]
INFO: [ app_init ] --END-- [ RunTime:0.000000s ]
INFO: [ app_begin ] --START--
INFO: Run Behavior\ReadHtmlCacheBehavior [ RunTime:0.000000s ]
INFO: [ app_begin ] --END-- [ RunTime:0.000000s ]
SQL: SHOW COLUMNS FROM `tb_user` [ RunTime:0.0010s ]
SQL: SHOW COLUMNS FROM `tb_product` [ RunTime:0.0010s ]
SQL: SHOW COLUMNS FROM `tb_product_group` [ RunTime:0.0010s ]
SQL: SHOW COLUMNS FROM `tb_product_code` [ RunTime:0.0000s ]
SQL: SHOW COLUMNS FROM `tb_order` [ RunTime:0.0010s ]
SQL: SELECT * FROM `tb_product_group` WHERE ( status=1 )  [ RunTime:0.0000s ]

[ 2016-11-08T16:18:58+08:00 ] 127.0.0.1 /cmbch5/index.php/home/index/doorder
INFO: [ app_init ] --START--
INFO: Run Behavior\BuildLiteBehavior [ RunTime:0.000000s ]
INFO: [ app_init ] --END-- [ RunTime:0.000000s ]
INFO: [ app_begin ] --START--
INFO: Run Behavior\ReadHtmlCacheBehavior [ RunTime:0.000000s ]
INFO: [ app_begin ] --END-- [ RunTime:0.000000s ]
SQL: SHOW COLUMNS FROM `tb_user` [ RunTime:0.0020s ]
SQL: SHOW COLUMNS FROM `tb_product` [ RunTime:0.0010s ]
SQL: SHOW COLUMNS FROM `tb_product_group` [ RunTime:0.0010s ]
SQL: SHOW COLUMNS FROM `tb_product_code` [ RunTime:0.0010s ]
SQL: SHOW COLUMNS FROM `tb_order` [ RunTime:0.0010s ]
SQL: SELECT * FROM `tb_product_group` WHERE ( status=1 )  [ RunTime:0.0000s ]

[ 2016-11-08T16:18:58+08:00 ] 127.0.0.1 /cmbch5/index.php/home/index/doorder
INFO: [ app_init ] --START--
INFO: Run Behavior\BuildLiteBehavior [ RunTime:0.000000s ]
INFO: [ app_init ] --END-- [ RunTime:0.000000s ]
INFO: [ app_begin ] --START--
INFO: Run Behavior\ReadHtmlCacheBehavior [ RunTime:0.000000s ]
INFO: [ app_begin ] --END-- [ RunTime:0.001000s ]
SQL: SHOW COLUMNS FROM `tb_user` [ RunTime:0.0010s ]
SQL: SHOW COLUMNS FROM `tb_product` [ RunTime:0.0010s ]
SQL: SHOW COLUMNS FROM `tb_product_group` [ RunTime:0.0020s ]
SQL: SHOW COLUMNS FROM `tb_product_code` [ RunTime:0.0020s ]
SQL: SHOW COLUMNS FROM `tb_order` [ RunTime:0.0010s ]
SQL: SELECT * FROM `tb_product_group` WHERE ( status=1 )  [ RunTime:0.0010s ]

[ 2016-11-08T16:18:58+08:00 ] 127.0.0.1 /cmbch5/index.php/home/index/doorder
INFO: [ app_init ] --START--
INFO: Run Behavior\BuildLiteBehavior [ RunTime:0.000000s ]
INFO: [ app_init ] --END-- [ RunTime:0.000000s ]
INFO: [ app_begin ] --START--
INFO: Run Behavior\ReadHtmlCacheBehavior [ RunTime:0.001000s ]
INFO: [ app_begin ] --END-- [ RunTime:0.001000s ]
SQL: SHOW COLUMNS FROM `tb_user` [ RunTime:0.0020s ]
SQL: SHOW COLUMNS FROM `tb_product` [ RunTime:0.0010s ]
SQL: SHOW COLUMNS FROM `tb_product_group` [ RunTime:0.0010s ]
SQL: SHOW COLUMNS FROM `tb_product_code` [ RunTime:0.0010s ]
SQL: SHOW COLUMNS FROM `tb_order` [ RunTime:0.0010s ]
SQL: SELECT * FROM `tb_product_group` WHERE ( status=1 )  [ RunTime:0.0000s ]

[ 2016-11-08T16:18:58+08:00 ] 127.0.0.1 /cmbch5/index.php/home/index/doorder
INFO: [ app_init ] --START--
INFO: Run Behavior\BuildLiteBehavior [ RunTime:0.000000s ]
INFO: [ app_init ] --END-- [ RunTime:0.000000s ]
INFO: [ app_begin ] --START--
INFO: Run Behavior\ReadHtmlCacheBehavior [ RunTime:0.001000s ]
INFO: [ app_begin ] --END-- [ RunTime:0.001000s ]
SQL: SHOW COLUMNS FROM `tb_user` [ RunTime:0.0010s ]
SQL: SHOW COLUMNS FROM `tb_product` [ RunTime:0.0020s ]
SQL: SHOW COLUMNS FROM `tb_product_group` [ RunTime:0.0020s ]
SQL: SHOW COLUMNS FROM `tb_product_code` [ RunTime:0.0020s ]
SQL: SHOW COLUMNS FROM `tb_order` [ RunTime:0.0010s ]
SQL: SELECT * FROM `tb_product_group` WHERE ( status=1 )  [ RunTime:0.0000s ]

[ 2016-11-08T16:18:59+08:00 ] 127.0.0.1 /cmbch5/index.php/home/index/doorder
INFO: [ app_init ] --START--
INFO: Run Behavior\BuildLiteBehavior [ RunTime:0.000000s ]
INFO: [ app_init ] --END-- [ RunTime:0.000000s ]
INFO: [ app_begin ] --START--
INFO: Run Behavior\ReadHtmlCacheBehavior [ RunTime:0.000000s ]
INFO: [ app_begin ] --END-- [ RunTime:0.000000s ]
SQL: SHOW COLUMNS FROM `tb_user` [ RunTime:0.0010s ]
SQL: SHOW COLUMNS FROM `tb_product` [ RunTime:0.0010s ]
SQL: SHOW COLUMNS FROM `tb_product_group` [ RunTime:0.0010s ]
SQL: SHOW COLUMNS FROM `tb_product_code` [ RunTime:0.0010s ]
SQL: SHOW COLUMNS FROM `tb_order` [ RunTime:0.0010s ]
SQL: SELECT * FROM `tb_product_group` WHERE ( status=1 )  [ RunTime:0.0000s ]

[ 2016-11-08T16:19:05+08:00 ] 127.0.0.1 /cmbch5/index.php/home/index/doorder
INFO: [ app_init ] --START--
INFO: Run Behavior\BuildLiteBehavior [ RunTime:0.000000s ]
INFO: [ app_init ] --END-- [ RunTime:0.000000s ]
INFO: [ app_begin ] --START--
INFO: Run Behavior\ReadHtmlCacheBehavior [ RunTime:0.000000s ]
INFO: [ app_begin ] --END-- [ RunTime:0.000000s ]
SQL: SHOW COLUMNS FROM `tb_user` [ RunTime:0.0020s ]
SQL: SHOW COLUMNS FROM `tb_product` [ RunTime:0.0020s ]
SQL: SHOW COLUMNS FROM `tb_product_group` [ RunTime:0.0010s ]
SQL: SHOW COLUMNS FROM `tb_product_code` [ RunTime:0.0010s ]
SQL: SHOW COLUMNS FROM `tb_order` [ RunTime:0.0020s ]
SQL: SELECT * FROM `tb_product_group` WHERE ( status=1 )  [ RunTime:0.0000s ]

[ 2016-11-08T16:19:06+08:00 ] 127.0.0.1 /cmbch5/index.php/home/index/doorder
INFO: [ app_init ] --START--
INFO: Run Behavior\BuildLiteBehavior [ RunTime:0.000000s ]
INFO: [ app_init ] --END-- [ RunTime:0.000000s ]
INFO: [ app_begin ] --START--
INFO: Run Behavior\ReadHtmlCacheBehavior [ RunTime:0.000000s ]
INFO: [ app_begin ] --END-- [ RunTime:0.000000s ]
SQL: SHOW COLUMNS FROM `tb_user` [ RunTime:0.0020s ]
SQL: SHOW COLUMNS FROM `tb_product` [ RunTime:0.0010s ]
SQL: SHOW COLUMNS FROM `tb_product_group` [ RunTime:0.0010s ]
SQL: SHOW COLUMNS FROM `tb_product_code` [ RunTime:0.0010s ]
SQL: SHOW COLUMNS FROM `tb_order` [ RunTime:0.0010s ]
SQL: SELECT * FROM `tb_product_group` WHERE ( status=1 )  [ RunTime:0.0000s ]

[ 2016-11-08T16:19:06+08:00 ] 127.0.0.1 /cmbch5/index.php/home/index/doorder
INFO: [ app_init ] --START--
INFO: Run Behavior\BuildLiteBehavior [ RunTime:0.000000s ]
INFO: [ app_init ] --END-- [ RunTime:0.000000s ]
INFO: [ app_begin ] --START--
INFO: Run Behavior\ReadHtmlCacheBehavior [ RunTime:0.001000s ]
INFO: [ app_begin ] --END-- [ RunTime:0.001000s ]
SQL: SHOW COLUMNS FROM `tb_user` [ RunTime:0.0010s ]
SQL: SHOW COLUMNS FROM `tb_product` [ RunTime:0.0010s ]
SQL: SHOW COLUMNS FROM `tb_product_group` [ RunTime:0.0010s ]
SQL: SHOW COLUMNS FROM `tb_product_code` [ RunTime:0.0010s ]
SQL: SHOW COLUMNS FROM `tb_order` [ RunTime:0.0010s ]
SQL: SELECT * FROM `tb_product_group` WHERE ( status=1 )  [ RunTime:0.0000s ]

[ 2016-11-08T16:19:06+08:00 ] 127.0.0.1 /cmbch5/index.php/home/index/doorder
INFO: [ app_init ] --START--
INFO: Run Behavior\BuildLiteBehavior [ RunTime:0.000000s ]
INFO: [ app_init ] --END-- [ RunTime:0.000000s ]
INFO: [ app_begin ] --START--
INFO: Run Behavior\ReadHtmlCacheBehavior [ RunTime:0.001000s ]
INFO: [ app_begin ] --END-- [ RunTime:0.001000s ]
SQL: SHOW COLUMNS FROM `tb_user` [ RunTime:0.0020s ]
SQL: SHOW COLUMNS FROM `tb_product` [ RunTime:0.0010s ]
SQL: SHOW COLUMNS FROM `tb_product_group` [ RunTime:0.0010s ]
SQL: SHOW COLUMNS FROM `tb_product_code` [ RunTime:0.0010s ]
SQL: SHOW COLUMNS FROM `tb_order` [ RunTime:0.0010s ]
SQL: SELECT * FROM `tb_product_group` WHERE ( status=1 )  [ RunTime:0.0000s ]

[ 2016-11-08T16:19:06+08:00 ] 127.0.0.1 /cmbch5/index.php/home/index/doorder
INFO: [ app_init ] --START--
INFO: Run Behavior\BuildLiteBehavior [ RunTime:0.000000s ]
INFO: [ app_init ] --END-- [ RunTime:0.000000s ]
INFO: [ app_begin ] --START--
INFO: Run Behavior\ReadHtmlCacheBehavior [ RunTime:0.001000s ]
INFO: [ app_begin ] --END-- [ RunTime:0.001000s ]
SQL: SHOW COLUMNS FROM `tb_user` [ RunTime:0.0010s ]
SQL: SHOW COLUMNS FROM `tb_product` [ RunTime:0.0010s ]
SQL: SHOW COLUMNS FROM `tb_product_group` [ RunTime:0.0010s ]
SQL: SHOW COLUMNS FROM `tb_product_code` [ RunTime:0.0010s ]
SQL: SHOW COLUMNS FROM `tb_order` [ RunTime:0.0010s ]
SQL: SELECT * FROM `tb_product_group` WHERE ( status=1 )  [ RunTime:0.0000s ]

[ 2016-11-08T16:19:07+08:00 ] 127.0.0.1 /cmbch5/index.php/home/index/doorder
INFO: [ app_init ] --START--
INFO: Run Behavior\BuildLiteBehavior [ RunTime:0.000000s ]
INFO: [ app_init ] --END-- [ RunTime:0.000000s ]
INFO: [ app_begin ] --START--
INFO: Run Behavior\ReadHtmlCacheBehavior [ RunTime:0.001000s ]
INFO: [ app_begin ] --END-- [ RunTime:0.001000s ]
SQL: SHOW COLUMNS FROM `tb_user` [ RunTime:0.0020s ]
SQL: SHOW COLUMNS FROM `tb_product` [ RunTime:0.0010s ]
SQL: SHOW COLUMNS FROM `tb_product_group` [ RunTime:0.0010s ]
SQL: SHOW COLUMNS FROM `tb_product_code` [ RunTime:0.0010s ]
SQL: SHOW COLUMNS FROM `tb_order` [ RunTime:0.0020s ]
SQL: SELECT * FROM `tb_product_group` WHERE ( status=1 )  [ RunTime:0.0000s ]

[ 2016-11-08T16:19:07+08:00 ] 127.0.0.1 /cmbch5/index.php/home/index/doorder
INFO: [ app_init ] --START--
INFO: Run Behavior\BuildLiteBehavior [ RunTime:0.000000s ]
INFO: [ app_init ] --END-- [ RunTime:0.000000s ]
INFO: [ app_begin ] --START--
INFO: Run Behavior\ReadHtmlCacheBehavior [ RunTime:0.000000s ]
INFO: [ app_begin ] --END-- [ RunTime:0.000000s ]
SQL: SHOW COLUMNS FROM `tb_user` [ RunTime:0.0010s ]
SQL: SHOW COLUMNS FROM `tb_product` [ RunTime:0.0010s ]
SQL: SHOW COLUMNS FROM `tb_product_group` [ RunTime:0.0010s ]
SQL: SHOW COLUMNS FROM `tb_product_code` [ RunTime:0.0010s ]
SQL: SHOW COLUMNS FROM `tb_order` [ RunTime:0.0010s ]
SQL: SELECT * FROM `tb_product_group` WHERE ( status=1 )  [ RunTime:0.0000s ]

[ 2016-11-08T16:19:07+08:00 ] 127.0.0.1 /cmbch5/index.php/home/index/doorder
INFO: [ app_init ] --START--
INFO: Run Behavior\BuildLiteBehavior [ RunTime:0.000000s ]
INFO: [ app_init ] --END-- [ RunTime:0.000000s ]
INFO: [ app_begin ] --START--
INFO: Run Behavior\ReadHtmlCacheBehavior [ RunTime:0.000000s ]
INFO: [ app_begin ] --END-- [ RunTime:0.000000s ]
SQL: SHOW COLUMNS FROM `tb_user` [ RunTime:0.0010s ]
SQL: SHOW COLUMNS FROM `tb_product` [ RunTime:0.0020s ]
SQL: SHOW COLUMNS FROM `tb_product_group` [ RunTime:0.0010s ]
SQL: SHOW COLUMNS FROM `tb_product_code` [ RunTime:0.0010s ]
SQL: SHOW COLUMNS FROM `tb_order` [ RunTime:0.0010s ]
SQL: SELECT * FROM `tb_product_group` WHERE ( status=1 )  [ RunTime:0.0000s ]

[ 2016-11-08T16:19:07+08:00 ] 127.0.0.1 /cmbch5/index.php/home/index/doorder
INFO: [ app_init ] --START--
INFO: Run Behavior\BuildLiteBehavior [ RunTime:0.000000s ]
INFO: [ app_init ] --END-- [ RunTime:0.000000s ]
INFO: [ app_begin ] --START--
INFO: Run Behavior\ReadHtmlCacheBehavior [ RunTime:0.000000s ]
INFO: [ app_begin ] --END-- [ RunTime:0.000000s ]
SQL: SHOW COLUMNS FROM `tb_user` [ RunTime:0.0020s ]
SQL: SHOW COLUMNS FROM `tb_product` [ RunTime:0.0010s ]
SQL: SHOW COLUMNS FROM `tb_product_group` [ RunTime:0.0010s ]
SQL: SHOW COLUMNS FROM `tb_product_code` [ RunTime:0.0010s ]
SQL: SHOW COLUMNS FROM `tb_order` [ RunTime:0.0020s ]
SQL: SELECT * FROM `tb_product_group` WHERE ( status=1 )  [ RunTime:0.0000s ]

[ 2016-11-08T16:19:07+08:00 ] 127.0.0.1 /cmbch5/index.php/home/index/doorder
INFO: [ app_init ] --START--
INFO: Run Behavior\BuildLiteBehavior [ RunTime:0.000000s ]
INFO: [ app_init ] --END-- [ RunTime:0.000000s ]
INFO: [ app_begin ] --START--
INFO: Run Behavior\ReadHtmlCacheBehavior [ RunTime:0.000000s ]
INFO: [ app_begin ] --END-- [ RunTime:0.000000s ]
SQL: SHOW COLUMNS FROM `tb_user` [ RunTime:0.0010s ]
SQL: SHOW COLUMNS FROM `tb_product` [ RunTime:0.0010s ]
SQL: SHOW COLUMNS FROM `tb_product_group` [ RunTime:0.0010s ]
SQL: SHOW COLUMNS FROM `tb_product_code` [ RunTime:0.0010s ]
SQL: SHOW COLUMNS FROM `tb_order` [ RunTime:0.0010s ]
SQL: SELECT * FROM `tb_product_group` WHERE ( status=1 )  [ RunTime:0.0000s ]

[ 2016-11-08T16:19:08+08:00 ] 127.0.0.1 /cmbch5/index.php/home/index/doorder
INFO: [ app_init ] --START--
INFO: Run Behavior\BuildLiteBehavior [ RunTime:0.000000s ]
INFO: [ app_init ] --END-- [ RunTime:0.000000s ]
INFO: [ app_begin ] --START--
INFO: Run Behavior\ReadHtmlCacheBehavior [ RunTime:0.001000s ]
INFO: [ app_begin ] --END-- [ RunTime:0.001000s ]
SQL: SHOW COLUMNS FROM `tb_user` [ RunTime:0.0010s ]
SQL: SHOW COLUMNS FROM `tb_product` [ RunTime:0.0010s ]
SQL: SHOW COLUMNS FROM `tb_product_group` [ RunTime:0.0010s ]
SQL: SHOW COLUMNS FROM `tb_product_code` [ RunTime:0.0010s ]
SQL: SHOW COLUMNS FROM `tb_order` [ RunTime:0.0010s ]
SQL: SELECT * FROM `tb_product_group` WHERE ( status=1 )  [ RunTime:0.0000s ]

[ 2016-11-08T16:19:08+08:00 ] 127.0.0.1 /cmbch5/index.php/home/index/doorder
INFO: [ app_init ] --START--
INFO: Run Behavior\BuildLiteBehavior [ RunTime:0.000000s ]
INFO: [ app_init ] --END-- [ RunTime:0.000000s ]
INFO: [ app_begin ] --START--
INFO: Run Behavior\ReadHtmlCacheBehavior [ RunTime:0.000000s ]
INFO: [ app_begin ] --END-- [ RunTime:0.000000s ]
SQL: SHOW COLUMNS FROM `tb_user` [ RunTime:0.0010s ]
SQL: SHOW COLUMNS FROM `tb_product` [ RunTime:0.0010s ]
SQL: SHOW COLUMNS FROM `tb_product_group` [ RunTime:0.0010s ]
SQL: SHOW COLUMNS FROM `tb_product_code` [ RunTime:0.0010s ]
SQL: SHOW COLUMNS FROM `tb_order` [ RunTime:0.0010s ]
SQL: SELECT * FROM `tb_product_group` WHERE ( status=1 )  [ RunTime:0.0000s ]

[ 2016-11-08T16:19:08+08:00 ] 127.0.0.1 /cmbch5/index.php/home/index/doorder
INFO: [ app_init ] --START--
INFO: Run Behavior\BuildLiteBehavior [ RunTime:0.000000s ]
INFO: [ app_init ] --END-- [ RunTime:0.000000s ]
INFO: [ app_begin ] --START--
INFO: Run Behavior\ReadHtmlCacheBehavior [ RunTime:0.000000s ]
INFO: [ app_begin ] --END-- [ RunTime:0.000000s ]
SQL: SHOW COLUMNS FROM `tb_user` [ RunTime:0.0010s ]
SQL: SHOW COLUMNS FROM `tb_product` [ RunTime:0.0010s ]
SQL: SHOW COLUMNS FROM `tb_product_group` [ RunTime:0.0010s ]
SQL: SHOW COLUMNS FROM `tb_product_code` [ RunTime:0.0010s ]
SQL: SHOW COLUMNS FROM `tb_order` [ RunTime:0.0020s ]
SQL: SELECT * FROM `tb_product_group` WHERE ( status=1 )  [ RunTime:0.0000s ]

[ 2016-11-08T16:19:08+08:00 ] 127.0.0.1 /cmbch5/index.php/home/index/doorder
INFO: [ app_init ] --START--
INFO: Run Behavior\BuildLiteBehavior [ RunTime:0.000000s ]
INFO: [ app_init ] --END-- [ RunTime:0.000000s ]
INFO: [ app_begin ] --START--
INFO: Run Behavior\ReadHtmlCacheBehavior [ RunTime:0.001000s ]
INFO: [ app_begin ] --END-- [ RunTime:0.001000s ]
SQL: SHOW COLUMNS FROM `tb_user` [ RunTime:0.0010s ]
SQL: SHOW COLUMNS FROM `tb_product` [ RunTime:0.0010s ]
SQL: SHOW COLUMNS FROM `tb_product_group` [ RunTime:0.0010s ]
SQL: SHOW COLUMNS FROM `tb_product_code` [ RunTime:0.0010s ]
SQL: SHOW COLUMNS FROM `tb_order` [ RunTime:0.0010s ]
SQL: SELECT * FROM `tb_product_group` WHERE ( status=1 )  [ RunTime:0.0000s ]

[ 2016-11-08T16:19:09+08:00 ] 127.0.0.1 /cmbch5/index.php/home/index/doorder
INFO: [ app_init ] --START--
INFO: Run Behavior\BuildLiteBehavior [ RunTime:0.000000s ]
INFO: [ app_init ] --END-- [ RunTime:0.000000s ]
INFO: [ app_begin ] --START--
INFO: Run Behavior\ReadHtmlCacheBehavior [ RunTime:0.001000s ]
INFO: [ app_begin ] --END-- [ RunTime:0.001000s ]
SQL: SHOW COLUMNS FROM `tb_user` [ RunTime:0.0070s ]
SQL: SHOW COLUMNS FROM `tb_product` [ RunTime:0.0010s ]
SQL: SHOW COLUMNS FROM `tb_product_group` [ RunTime:0.0010s ]
SQL: SHOW COLUMNS FROM `tb_product_code` [ RunTime:0.0010s ]
SQL: SHOW COLUMNS FROM `tb_order` [ RunTime:0.0010s ]
SQL: SELECT * FROM `tb_product_group` WHERE ( status=1 )  [ RunTime:0.0000s ]

[ 2016-11-08T16:19:09+08:00 ] 127.0.0.1 /cmbch5/index.php/home/index/doorder
INFO: [ app_init ] --START--
INFO: Run Behavior\BuildLiteBehavior [ RunTime:0.000000s ]
INFO: [ app_init ] --END-- [ RunTime:0.000000s ]
INFO: [ app_begin ] --START--
INFO: Run Behavior\ReadHtmlCacheBehavior [ RunTime:0.000000s ]
INFO: [ app_begin ] --END-- [ RunTime:0.000000s ]
SQL: SHOW COLUMNS FROM `tb_user` [ RunTime:0.0010s ]
SQL: SHOW COLUMNS FROM `tb_product` [ RunTime:0.0010s ]
SQL: SHOW COLUMNS FROM `tb_product_group` [ RunTime:0.0000s ]
SQL: SHOW COLUMNS FROM `tb_product_code` [ RunTime:0.0010s ]
SQL: SHOW COLUMNS FROM `tb_order` [ RunTime:0.0010s ]
SQL: SELECT * FROM `tb_product_group` WHERE ( status=1 )  [ RunTime:0.0000s ]

[ 2016-11-08T16:19:09+08:00 ] 127.0.0.1 /cmbch5/index.php/home/index/doorder
INFO: [ app_init ] --START--
INFO: Run Behavior\BuildLiteBehavior [ RunTime:0.000000s ]
INFO: [ app_init ] --END-- [ RunTime:0.000000s ]
INFO: [ app_begin ] --START--
INFO: Run Behavior\ReadHtmlCacheBehavior [ RunTime:0.000000s ]
INFO: [ app_begin ] --END-- [ RunTime:0.000000s ]
SQL: SHOW COLUMNS FROM `tb_user` [ RunTime:0.0010s ]
SQL: SHOW COLUMNS FROM `tb_product` [ RunTime:0.0010s ]
SQL: SHOW COLUMNS FROM `tb_product_group` [ RunTime:0.0000s ]
SQL: SHOW COLUMNS FROM `tb_product_code` [ RunTime:0.0010s ]
SQL: SHOW COLUMNS FROM `tb_order` [ RunTime:0.0010s ]
SQL: SELECT * FROM `tb_product_group` WHERE ( status=1 )  [ RunTime:0.0000s ]

[ 2016-11-08T16:19:09+08:00 ] 127.0.0.1 /cmbch5/index.php/home/index/doorder
INFO: [ app_init ] --START--
INFO: Run Behavior\BuildLiteBehavior [ RunTime:0.000000s ]
INFO: [ app_init ] --END-- [ RunTime:0.000000s ]
INFO: [ app_begin ] --START--
INFO: Run Behavior\ReadHtmlCacheBehavior [ RunTime:0.001000s ]
INFO: [ app_begin ] --END-- [ RunTime:0.001000s ]
SQL: SHOW COLUMNS FROM `tb_user` [ RunTime:0.0010s ]
SQL: SHOW COLUMNS FROM `tb_product` [ RunTime:0.0010s ]
SQL: SHOW COLUMNS FROM `tb_product_group` [ RunTime:0.0010s ]
SQL: SHOW COLUMNS FROM `tb_product_code` [ RunTime:0.0010s ]
SQL: SHOW COLUMNS FROM `tb_order` [ RunTime:0.0010s ]
SQL: SELECT * FROM `tb_product_group` WHERE ( status=1 )  [ RunTime:0.0010s ]

[ 2016-11-08T16:19:26+08:00 ] 127.0.0.1 /cmbch5/index.php/home/index/doorder
INFO: [ app_init ] --START--
INFO: Run Behavior\BuildLiteBehavior [ RunTime:0.000000s ]
INFO: [ app_init ] --END-- [ RunTime:0.000000s ]
INFO: [ app_begin ] --START--
INFO: Run Behavior\ReadHtmlCacheBehavior [ RunTime:0.000000s ]
INFO: [ app_begin ] --END-- [ RunTime:0.000000s ]
SQL: SHOW COLUMNS FROM `tb_user` [ RunTime:0.0010s ]
SQL: SHOW COLUMNS FROM `tb_product` [ RunTime:0.0020s ]
SQL: SHOW COLUMNS FROM `tb_product_group` [ RunTime:0.0010s ]
SQL: SHOW COLUMNS FROM `tb_product_code` [ RunTime:0.0010s ]
SQL: SHOW COLUMNS FROM `tb_order` [ RunTime:0.0010s ]
SQL: SELECT * FROM `tb_product_group` WHERE ( status=1 )  [ RunTime:0.0010s ]
SQL: SELECT * FROM `tb_product` WHERE `id` IN ('230','231')  [ RunTime:0.0000s ]
NOTIC: [8] Undefined index: verification C:\xampp\htdocs\cmbch5\Application\Home\Controller\IndexController.class.php 第 118 行.
NOTIC: [8] Undefined index: verification C:\xampp\htdocs\cmbch5\Application\Home\Controller\IndexController.class.php 第 118 行.
NOTIC: [8] Undefined variable: gourp C:\xampp\htdocs\cmbch5\Application\Home\Controller\IndexController.class.php 第 128 行.
SQL: INSERT INTO `tb_order` (`tel`,`userid`,`group_id`,`msgcontent`,`productcode`,`remark`,`createtime`,`updatetime`) VALUES ('17751289893','2051233','0','123:','','','2016-11-08 16:19:26','2016-11-08 16:19:26') [ RunTime:0.0010s ]
NOTIC: [8] Undefined variable: gourp_id C:\xampp\htdocs\cmbch5\Application\Home\Controller\IndexController.class.php 第 136 行.
ERR: 1064:You have an error in your SQL syntax; check the manual that corresponds to your MariaDB server version for the right syntax to use near '%d and quality>0 )' at line 1
 [ SQL语句 ] : UPDATE `tb_product_group` SET `salequantity`=salequantity+1 WHERE (  id=%d and quality>0 )
ERR: 1064:You have an error in your SQL syntax; check the manual that corresponds to your MariaDB server version for the right syntax to use near '%d and quality>0 )' at line 1
 [ SQL语句 ] : UPDATE `tb_product_group` SET `salequantity`=salequantity+1 WHERE (  id=%d and quality>0 )

[ 2016-11-08T16:20:16+08:00 ] 127.0.0.1 /cmbch5/index.php/home/index/doorder
INFO: [ app_init ] --START--
INFO: Run Behavior\BuildLiteBehavior [ RunTime:0.000000s ]
INFO: [ app_init ] --END-- [ RunTime:0.000000s ]
INFO: [ app_begin ] --START--
INFO: Run Behavior\ReadHtmlCacheBehavior [ RunTime:0.000000s ]
INFO: [ app_begin ] --END-- [ RunTime:0.000000s ]
SQL: SHOW COLUMNS FROM `tb_user` [ RunTime:0.0010s ]
SQL: SHOW COLUMNS FROM `tb_product` [ RunTime:0.0010s ]
SQL: SHOW COLUMNS FROM `tb_product_group` [ RunTime:0.0010s ]
SQL: SHOW COLUMNS FROM `tb_product_code` [ RunTime:0.0010s ]
SQL: SHOW COLUMNS FROM `tb_order` [ RunTime:0.0010s ]
SQL: SELECT * FROM `tb_product_group` WHERE ( status=1 )  [ RunTime:0.0010s ]
SQL: SELECT * FROM `tb_product` WHERE `id` IN ('232','231')  [ RunTime:0.0000s ]
NOTIC: [8] Undefined index: verification C:\xampp\htdocs\cmbch5\Application\Home\Controller\IndexController.class.php 第 118 行.
NOTIC: [8] Undefined index: verification C:\xampp\htdocs\cmbch5\Application\Home\Controller\IndexController.class.php 第 118 行.
NOTIC: [8] Undefined variable: gourp C:\xampp\htdocs\cmbch5\Application\Home\Controller\IndexController.class.php 第 128 行.
SQL: INSERT INTO `tb_order` (`tel`,`userid`,`group_id`,`msgcontent`,`productcode`,`remark`,`createtime`,`updatetime`) VALUES ('17751289893','2051233','0','111:','','','2016-11-08 16:20:16','2016-11-08 16:20:16') [ RunTime:0.0010s ]
NOTIC: [8] Undefined variable: gourp C:\xampp\htdocs\cmbch5\Application\Home\Controller\IndexController.class.php 第 136 行.
ERR: 1064:You have an error in your SQL syntax; check the manual that corresponds to your MariaDB server version for the right syntax to use near '%d and quality>0 )' at line 1
 [ SQL语句 ] : UPDATE `tb_product_group` SET `salequantity`=salequantity+1 WHERE (  id=%d and quality>0 )
ERR: 1064:You have an error in your SQL syntax; check the manual that corresponds to your MariaDB server version for the right syntax to use near '%d and quality>0 )' at line 1
 [ SQL语句 ] : UPDATE `tb_product_group` SET `salequantity`=salequantity+1 WHERE (  id=%d and quality>0 )

[ 2016-11-08T16:20:17+08:00 ] 127.0.0.1 /cmbch5/index.php/home/index/doorder
INFO: [ app_init ] --START--
INFO: Run Behavior\BuildLiteBehavior [ RunTime:0.000000s ]
INFO: [ app_init ] --END-- [ RunTime:0.000000s ]
INFO: [ app_begin ] --START--
INFO: Run Behavior\ReadHtmlCacheBehavior [ RunTime:0.000000s ]
INFO: [ app_begin ] --END-- [ RunTime:0.000000s ]
SQL: SHOW COLUMNS FROM `tb_user` [ RunTime:0.0010s ]
SQL: SHOW COLUMNS FROM `tb_product` [ RunTime:0.0010s ]
SQL: SHOW COLUMNS FROM `tb_product_group` [ RunTime:0.0010s ]
SQL: SHOW COLUMNS FROM `tb_product_code` [ RunTime:0.0010s ]
SQL: SHOW COLUMNS FROM `tb_order` [ RunTime:0.0010s ]
SQL: SELECT * FROM `tb_product_group` WHERE ( status=1 )  [ RunTime:0.0000s ]
SQL: SELECT * FROM `tb_product` WHERE `id` IN ('230','231')  [ RunTime:0.0000s ]
NOTIC: [8] Undefined index: verification C:\xampp\htdocs\cmbch5\Application\Home\Controller\IndexController.class.php 第 118 行.
NOTIC: [8] Undefined index: verification C:\xampp\htdocs\cmbch5\Application\Home\Controller\IndexController.class.php 第 118 行.
NOTIC: [8] Undefined variable: gourp C:\xampp\htdocs\cmbch5\Application\Home\Controller\IndexController.class.php 第 128 行.
SQL: INSERT INTO `tb_order` (`tel`,`userid`,`group_id`,`msgcontent`,`productcode`,`remark`,`createtime`,`updatetime`) VALUES ('17751289893','2051233','0','123:','','','2016-11-08 16:20:17','2016-11-08 16:20:17') [ RunTime:0.0000s ]
NOTIC: [8] Undefined variable: gourp C:\xampp\htdocs\cmbch5\Application\Home\Controller\IndexController.class.php 第 136 行.
ERR: 1064:You have an error in your SQL syntax; check the manual that corresponds to your MariaDB server version for the right syntax to use near '%d and quality>0 )' at line 1
 [ SQL语句 ] : UPDATE `tb_product_group` SET `salequantity`=salequantity+1 WHERE (  id=%d and quality>0 )
ERR: 1064:You have an error in your SQL syntax; check the manual that corresponds to your MariaDB server version for the right syntax to use near '%d and quality>0 )' at line 1
 [ SQL语句 ] : UPDATE `tb_product_group` SET `salequantity`=salequantity+1 WHERE (  id=%d and quality>0 )

[ 2016-11-08T16:20:19+08:00 ] 127.0.0.1 /cmbch5/index.php/home/index/doorder
INFO: [ app_init ] --START--
INFO: Run Behavior\BuildLiteBehavior [ RunTime:0.000000s ]
INFO: [ app_init ] --END-- [ RunTime:0.000000s ]
INFO: [ app_begin ] --START--
INFO: Run Behavior\ReadHtmlCacheBehavior [ RunTime:0.000000s ]
INFO: [ app_begin ] --END-- [ RunTime:0.000000s ]
SQL: SHOW COLUMNS FROM `tb_user` [ RunTime:0.0010s ]
SQL: SHOW COLUMNS FROM `tb_product` [ RunTime:0.0010s ]
SQL: SHOW COLUMNS FROM `tb_product_group` [ RunTime:0.0010s ]
SQL: SHOW COLUMNS FROM `tb_product_code` [ RunTime:0.0010s ]
SQL: SHOW COLUMNS FROM `tb_order` [ RunTime:0.0000s ]
SQL: SELECT * FROM `tb_product_group` WHERE ( status=1 )  [ RunTime:0.0000s ]
SQL: SELECT * FROM `tb_product` WHERE `id` IN ('232','231')  [ RunTime:0.0000s ]
NOTIC: [8] Undefined index: verification C:\xampp\htdocs\cmbch5\Application\Home\Controller\IndexController.class.php 第 118 行.
NOTIC: [8] Undefined index: verification C:\xampp\htdocs\cmbch5\Application\Home\Controller\IndexController.class.php 第 118 行.
NOTIC: [8] Undefined variable: gourp C:\xampp\htdocs\cmbch5\Application\Home\Controller\IndexController.class.php 第 128 行.
SQL: INSERT INTO `tb_order` (`tel`,`userid`,`group_id`,`msgcontent`,`productcode`,`remark`,`createtime`,`updatetime`) VALUES ('17751289893','2051233','0','111:','','','2016-11-08 16:20:19','2016-11-08 16:20:19') [ RunTime:0.0000s ]
NOTIC: [8] Undefined variable: gourp C:\xampp\htdocs\cmbch5\Application\Home\Controller\IndexController.class.php 第 136 行.
ERR: 1064:You have an error in your SQL syntax; check the manual that corresponds to your MariaDB server version for the right syntax to use near '%d and quality>0 )' at line 1
 [ SQL语句 ] : UPDATE `tb_product_group` SET `salequantity`=salequantity+1 WHERE (  id=%d and quality>0 )
ERR: 1064:You have an error in your SQL syntax; check the manual that corresponds to your MariaDB server version for the right syntax to use near '%d and quality>0 )' at line 1
 [ SQL语句 ] : UPDATE `tb_product_group` SET `salequantity`=salequantity+1 WHERE (  id=%d and quality>0 )

[ 2016-11-08T16:20:40+08:00 ] 127.0.0.1 /cmbch5/index.php/home/index/doorder
INFO: [ app_init ] --START--
INFO: Run Behavior\BuildLiteBehavior [ RunTime:0.000000s ]
INFO: [ app_init ] --END-- [ RunTime:0.000000s ]
INFO: [ app_begin ] --START--
INFO: Run Behavior\ReadHtmlCacheBehavior [ RunTime:0.001000s ]
INFO: [ app_begin ] --END-- [ RunTime:0.001000s ]
SQL: SHOW COLUMNS FROM `tb_user` [ RunTime:0.0010s ]
SQL: SHOW COLUMNS FROM `tb_product` [ RunTime:0.0010s ]
SQL: SHOW COLUMNS FROM `tb_product_group` [ RunTime:0.0010s ]
SQL: SHOW COLUMNS FROM `tb_product_code` [ RunTime:0.0010s ]
SQL: SHOW COLUMNS FROM `tb_order` [ RunTime:0.0020s ]
SQL: SELECT * FROM `tb_product_group` WHERE ( status=1 )  [ RunTime:0.0000s ]
SQL: SELECT * FROM `tb_product` WHERE `id` IN ('230','231')  [ RunTime:0.0000s ]
NOTIC: [8] Undefined index: verification C:\xampp\htdocs\cmbch5\Application\Home\Controller\IndexController.class.php 第 118 行.
NOTIC: [8] Undefined index: verification C:\xampp\htdocs\cmbch5\Application\Home\Controller\IndexController.class.php 第 118 行.
SQL: INSERT INTO `tb_order` (`tel`,`userid`,`group_id`,`msgcontent`,`productcode`,`remark`,`createtime`,`updatetime`) VALUES ('17751289893','2051233','1','123:','','','2016-11-08 16:20:40','2016-11-08 16:20:40') [ RunTime:0.0000s ]
NOTIC: [8] Undefined variable: gourp C:\xampp\htdocs\cmbch5\Application\Home\Controller\IndexController.class.php 第 136 行.
ERR: 1064:You have an error in your SQL syntax; check the manual that corresponds to your MariaDB server version for the right syntax to use near '%d and quality>0 )' at line 1
 [ SQL语句 ] : UPDATE `tb_product_group` SET `salequantity`=salequantity+1 WHERE (  id=%d and quality>0 )
ERR: 1064:You have an error in your SQL syntax; check the manual that corresponds to your MariaDB server version for the right syntax to use near '%d and quality>0 )' at line 1
 [ SQL语句 ] : UPDATE `tb_product_group` SET `salequantity`=salequantity+1 WHERE (  id=%d and quality>0 )

[ 2016-11-08T16:20:41+08:00 ] 127.0.0.1 /cmbch5/index.php/home/index/doorder
INFO: [ app_init ] --START--
INFO: Run Behavior\BuildLiteBehavior [ RunTime:0.000000s ]
INFO: [ app_init ] --END-- [ RunTime:0.000000s ]
INFO: [ app_begin ] --START--
INFO: Run Behavior\ReadHtmlCacheBehavior [ RunTime:0.001000s ]
INFO: [ app_begin ] --END-- [ RunTime:0.001000s ]
SQL: SHOW COLUMNS FROM `tb_user` [ RunTime:0.0020s ]
SQL: SHOW COLUMNS FROM `tb_product` [ RunTime:0.0010s ]
SQL: SHOW COLUMNS FROM `tb_product_group` [ RunTime:0.0010s ]
SQL: SHOW COLUMNS FROM `tb_product_code` [ RunTime:0.0010s ]
SQL: SHOW COLUMNS FROM `tb_order` [ RunTime:0.0010s ]
SQL: SELECT * FROM `tb_product_group` WHERE ( status=1 )  [ RunTime:0.0000s ]
SQL: SELECT * FROM `tb_product` WHERE `id` IN ('230','231')  [ RunTime:0.0000s ]
NOTIC: [8] Undefined index: verification C:\xampp\htdocs\cmbch5\Application\Home\Controller\IndexController.class.php 第 118 行.
NOTIC: [8] Undefined index: verification C:\xampp\htdocs\cmbch5\Application\Home\Controller\IndexController.class.php 第 118 行.
SQL: INSERT INTO `tb_order` (`tel`,`userid`,`group_id`,`msgcontent`,`productcode`,`remark`,`createtime`,`updatetime`) VALUES ('17751289893','2051233','1','123:','','','2016-11-08 16:20:41','2016-11-08 16:20:41') [ RunTime:0.0000s ]
NOTIC: [8] Undefined variable: gourp C:\xampp\htdocs\cmbch5\Application\Home\Controller\IndexController.class.php 第 136 行.
ERR: 1064:You have an error in your SQL syntax; check the manual that corresponds to your MariaDB server version for the right syntax to use near '%d and quality>0 )' at line 1
 [ SQL语句 ] : UPDATE `tb_product_group` SET `salequantity`=salequantity+1 WHERE (  id=%d and quality>0 )
ERR: 1064:You have an error in your SQL syntax; check the manual that corresponds to your MariaDB server version for the right syntax to use near '%d and quality>0 )' at line 1
 [ SQL语句 ] : UPDATE `tb_product_group` SET `salequantity`=salequantity+1 WHERE (  id=%d and quality>0 )

[ 2016-11-08T16:20:50+08:00 ] 127.0.0.1 /cmbch5/index.php/home/index/doorder
INFO: [ app_init ] --START--
INFO: Run Behavior\BuildLiteBehavior [ RunTime:0.000000s ]
INFO: [ app_init ] --END-- [ RunTime:0.000000s ]
INFO: [ app_begin ] --START--
INFO: Run Behavior\ReadHtmlCacheBehavior [ RunTime:0.000000s ]
INFO: [ app_begin ] --END-- [ RunTime:0.000000s ]
SQL: SHOW COLUMNS FROM `tb_user` [ RunTime:0.0010s ]
SQL: SHOW COLUMNS FROM `tb_product` [ RunTime:0.0010s ]
SQL: SHOW COLUMNS FROM `tb_product_group` [ RunTime:0.0010s ]
SQL: SHOW COLUMNS FROM `tb_product_code` [ RunTime:0.0010s ]
SQL: SHOW COLUMNS FROM `tb_order` [ RunTime:0.0010s ]
SQL: SELECT * FROM `tb_product_group` WHERE ( status=1 )  [ RunTime:0.0000s ]

[ 2016-11-08T16:21:01+08:00 ] 127.0.0.1 /cmbch5/index.php/home/index/doorder
INFO: [ app_init ] --START--
INFO: Run Behavior\BuildLiteBehavior [ RunTime:0.000000s ]
INFO: [ app_init ] --END-- [ RunTime:0.000000s ]
INFO: [ app_begin ] --START--
INFO: Run Behavior\ReadHtmlCacheBehavior [ RunTime:0.000000s ]
INFO: [ app_begin ] --END-- [ RunTime:0.000000s ]
SQL: SHOW COLUMNS FROM `tb_user` [ RunTime:0.0010s ]
SQL: SHOW COLUMNS FROM `tb_product` [ RunTime:0.0010s ]
SQL: SHOW COLUMNS FROM `tb_product_group` [ RunTime:0.0010s ]
SQL: SHOW COLUMNS FROM `tb_product_code` [ RunTime:0.0010s ]
SQL: SHOW COLUMNS FROM `tb_order` [ RunTime:0.0020s ]
SQL: SELECT * FROM `tb_product_group` WHERE ( status=1 )  [ RunTime:0.0000s ]
SQL: SELECT * FROM `tb_product` WHERE `id` IN ('232','231')  [ RunTime:0.0000s ]
NOTIC: [8] Undefined index: verification C:\xampp\htdocs\cmbch5\Application\Home\Controller\IndexController.class.php 第 118 行.
NOTIC: [8] Undefined index: verification C:\xampp\htdocs\cmbch5\Application\Home\Controller\IndexController.class.php 第 118 行.

[ 2016-11-08T16:21:39+08:00 ] 127.0.0.1 /cmbch5/index.php/home/index/doorder
INFO: [ app_init ] --START--
INFO: Run Behavior\BuildLiteBehavior [ RunTime:0.000000s ]
INFO: [ app_init ] --END-- [ RunTime:0.000000s ]
INFO: [ app_begin ] --START--
INFO: Run Behavior\ReadHtmlCacheBehavior [ RunTime:0.001000s ]
INFO: [ app_begin ] --END-- [ RunTime:0.001000s ]
SQL: SHOW COLUMNS FROM `tb_user` [ RunTime:0.0020s ]
SQL: SHOW COLUMNS FROM `tb_product` [ RunTime:0.0020s ]
SQL: SHOW COLUMNS FROM `tb_product_group` [ RunTime:0.0010s ]
SQL: SHOW COLUMNS FROM `tb_product_code` [ RunTime:0.0010s ]
SQL: SHOW COLUMNS FROM `tb_order` [ RunTime:0.0010s ]
SQL: SELECT * FROM `tb_product_group` WHERE ( status=1 )  [ RunTime:0.0000s ]
SQL: SELECT * FROM `tb_product` WHERE `id` IN ('230','231')  [ RunTime:0.0000s ]

[ 2016-11-08T16:21:56+08:00 ] 127.0.0.1 /cmbch5/index.php/home/index/doorder
INFO: [ app_init ] --START--
INFO: Run Behavior\BuildLiteBehavior [ RunTime:0.000000s ]
INFO: [ app_init ] --END-- [ RunTime:0.000000s ]
INFO: [ app_begin ] --START--
INFO: Run Behavior\ReadHtmlCacheBehavior [ RunTime:0.000000s ]
INFO: [ app_begin ] --END-- [ RunTime:0.001001s ]
SQL: SHOW COLUMNS FROM `tb_user` [ RunTime:0.0010s ]
SQL: SHOW COLUMNS FROM `tb_product` [ RunTime:0.0010s ]
SQL: SHOW COLUMNS FROM `tb_product_group` [ RunTime:0.0010s ]
SQL: SHOW COLUMNS FROM `tb_product_code` [ RunTime:0.0020s ]
SQL: SHOW COLUMNS FROM `tb_order` [ RunTime:0.0020s ]
SQL: SELECT * FROM `tb_product_group` WHERE ( status=1 )  [ RunTime:0.0000s ]
SQL: SELECT * FROM `tb_product` WHERE `id` IN ('230','231')  [ RunTime:0.0010s ]
NOTIC: [8] Undefined index: verification C:\xampp\htdocs\cmbch5\Application\Home\Controller\IndexController.class.php 第 118 行.
NOTIC: [8] Undefined index: verification C:\xampp\htdocs\cmbch5\Application\Home\Controller\IndexController.class.php 第 118 行.

[ 2016-11-08T16:22:59+08:00 ] 127.0.0.1 /cmbch5/index.php/home/index/doorder
INFO: [ app_init ] --START--
INFO: Run Behavior\BuildLiteBehavior [ RunTime:0.000000s ]
INFO: [ app_init ] --END-- [ RunTime:0.000000s ]
INFO: [ app_begin ] --START--
INFO: Run Behavior\ReadHtmlCacheBehavior [ RunTime:0.001000s ]
INFO: [ app_begin ] --END-- [ RunTime:0.001000s ]
SQL: SHOW COLUMNS FROM `tb_user` [ RunTime:0.0010s ]
SQL: SHOW COLUMNS FROM `tb_product` [ RunTime:0.0010s ]
SQL: SHOW COLUMNS FROM `tb_product_group` [ RunTime:0.0010s ]
SQL: SHOW COLUMNS FROM `tb_product_code` [ RunTime:0.0010s ]
SQL: SHOW COLUMNS FROM `tb_order` [ RunTime:0.0010s ]
SQL: SELECT * FROM `tb_product_group` WHERE ( status=1 )  [ RunTime:0.0000s ]
SQL: SELECT * FROM `tb_product` WHERE `id` IN ('230','231')  [ RunTime:0.0000s ]
NOTIC: [8] Undefined index: verification C:\xampp\htdocs\cmbch5\Application\Home\Controller\IndexController.class.php 第 119 行.
NOTIC: [8] Undefined index: verification C:\xampp\htdocs\cmbch5\Application\Home\Controller\IndexController.class.php 第 119 行.

[ 2016-11-08T16:23:00+08:00 ] 127.0.0.1 /cmbch5/index.php/home/index/doorder
INFO: [ app_init ] --START--
INFO: Run Behavior\BuildLiteBehavior [ RunTime:0.000000s ]
INFO: [ app_init ] --END-- [ RunTime:0.000000s ]
INFO: [ app_begin ] --START--
INFO: Run Behavior\ReadHtmlCacheBehavior [ RunTime:0.000000s ]
INFO: [ app_begin ] --END-- [ RunTime:0.000000s ]
SQL: SHOW COLUMNS FROM `tb_user` [ RunTime:0.0010s ]
SQL: SHOW COLUMNS FROM `tb_product` [ RunTime:0.0010s ]
SQL: SHOW COLUMNS FROM `tb_product_group` [ RunTime:0.0010s ]
SQL: SHOW COLUMNS FROM `tb_product_code` [ RunTime:0.0010s ]
SQL: SHOW COLUMNS FROM `tb_order` [ RunTime:0.0010s ]
SQL: SELECT * FROM `tb_product_group` WHERE ( status=1 )  [ RunTime:0.0010s ]
SQL: SELECT * FROM `tb_product` WHERE `id` IN ('230','231')  [ RunTime:0.0000s ]
NOTIC: [8] Undefined index: verification C:\xampp\htdocs\cmbch5\Application\Home\Controller\IndexController.class.php 第 119 行.
NOTIC: [8] Undefined index: verification C:\xampp\htdocs\cmbch5\Application\Home\Controller\IndexController.class.php 第 119 行.

[ 2016-11-08T16:23:03+08:00 ] 127.0.0.1 /cmbch5/index.php/home/index/doorder
INFO: [ app_init ] --START--
INFO: Run Behavior\BuildLiteBehavior [ RunTime:0.000000s ]
INFO: [ app_init ] --END-- [ RunTime:0.000000s ]
INFO: [ app_begin ] --START--
INFO: Run Behavior\ReadHtmlCacheBehavior [ RunTime:0.000000s ]
INFO: [ app_begin ] --END-- [ RunTime:0.000000s ]
SQL: SHOW COLUMNS FROM `tb_user` [ RunTime:0.0010s ]
SQL: SHOW COLUMNS FROM `tb_product` [ RunTime:0.0010s ]
SQL: SHOW COLUMNS FROM `tb_product_group` [ RunTime:0.0020s ]
SQL: SHOW COLUMNS FROM `tb_product_code` [ RunTime:0.0010s ]
SQL: SHOW COLUMNS FROM `tb_order` [ RunTime:0.0020s ]
SQL: SELECT * FROM `tb_product_group` WHERE ( status=1 )  [ RunTime:0.0000s ]
SQL: SELECT * FROM `tb_product` WHERE `id` IN ('232','231')  [ RunTime:0.0010s ]
NOTIC: [8] Undefined index: verification C:\xampp\htdocs\cmbch5\Application\Home\Controller\IndexController.class.php 第 119 行.
NOTIC: [8] Undefined index: verification C:\xampp\htdocs\cmbch5\Application\Home\Controller\IndexController.class.php 第 119 行.

[ 2016-11-08T16:23:03+08:00 ] 127.0.0.1 /cmbch5/index.php/home/index/doorder
INFO: [ app_init ] --START--
INFO: Run Behavior\BuildLiteBehavior [ RunTime:0.000000s ]
INFO: [ app_init ] --END-- [ RunTime:0.000000s ]
INFO: [ app_begin ] --START--
INFO: Run Behavior\ReadHtmlCacheBehavior [ RunTime:0.000000s ]
INFO: [ app_begin ] --END-- [ RunTime:0.000000s ]
SQL: SHOW COLUMNS FROM `tb_user` [ RunTime:0.0020s ]
SQL: SHOW COLUMNS FROM `tb_product` [ RunTime:0.0010s ]
SQL: SHOW COLUMNS FROM `tb_product_group` [ RunTime:0.0010s ]
SQL: SHOW COLUMNS FROM `tb_product_code` [ RunTime:0.0010s ]
SQL: SHOW COLUMNS FROM `tb_order` [ RunTime:0.0010s ]
SQL: SELECT * FROM `tb_product_group` WHERE ( status=1 )  [ RunTime:0.0010s ]
SQL: SELECT * FROM `tb_product` WHERE `id` IN ('230','231')  [ RunTime:0.0000s ]
NOTIC: [8] Undefined index: verification C:\xampp\htdocs\cmbch5\Application\Home\Controller\IndexController.class.php 第 119 行.
NOTIC: [8] Undefined index: verification C:\xampp\htdocs\cmbch5\Application\Home\Controller\IndexController.class.php 第 119 行.

[ 2016-11-08T16:23:04+08:00 ] 127.0.0.1 /cmbch5/index.php/home/index/doorder
INFO: [ app_init ] --START--
INFO: Run Behavior\BuildLiteBehavior [ RunTime:0.000000s ]
INFO: [ app_init ] --END-- [ RunTime:0.000000s ]
INFO: [ app_begin ] --START--
INFO: Run Behavior\ReadHtmlCacheBehavior [ RunTime:0.002001s ]
INFO: [ app_begin ] --END-- [ RunTime:0.002001s ]
SQL: SHOW COLUMNS FROM `tb_user` [ RunTime:0.0010s ]
SQL: SHOW COLUMNS FROM `tb_product` [ RunTime:0.0010s ]
SQL: SHOW COLUMNS FROM `tb_product_group` [ RunTime:0.0010s ]
SQL: SHOW COLUMNS FROM `tb_product_code` [ RunTime:0.0010s ]
SQL: SHOW COLUMNS FROM `tb_order` [ RunTime:0.0010s ]
SQL: SELECT * FROM `tb_product_group` WHERE ( status=1 )  [ RunTime:0.0000s ]
SQL: SELECT * FROM `tb_product` WHERE `id` IN ('230','231')  [ RunTime:0.0010s ]
NOTIC: [8] Undefined index: verification C:\xampp\htdocs\cmbch5\Application\Home\Controller\IndexController.class.php 第 119 行.
NOTIC: [8] Undefined index: verification C:\xampp\htdocs\cmbch5\Application\Home\Controller\IndexController.class.php 第 119 行.

[ 2016-11-08T16:23:04+08:00 ] 127.0.0.1 /cmbch5/index.php/home/index/doorder
INFO: [ app_init ] --START--
INFO: Run Behavior\BuildLiteBehavior [ RunTime:0.000000s ]
INFO: [ app_init ] --END-- [ RunTime:0.000000s ]
INFO: [ app_begin ] --START--
INFO: Run Behavior\ReadHtmlCacheBehavior [ RunTime:0.000000s ]
INFO: [ app_begin ] --END-- [ RunTime:0.000000s ]
SQL: SHOW COLUMNS FROM `tb_user` [ RunTime:0.0010s ]
SQL: SHOW COLUMNS FROM `tb_product` [ RunTime:0.0010s ]
SQL: SHOW COLUMNS FROM `tb_product_group` [ RunTime:0.0010s ]
SQL: SHOW COLUMNS FROM `tb_product_code` [ RunTime:0.0010s ]
SQL: SHOW COLUMNS FROM `tb_order` [ RunTime:0.0010s ]
SQL: SELECT * FROM `tb_product_group` WHERE ( status=1 )  [ RunTime:0.0000s ]
SQL: SELECT * FROM `tb_product` WHERE `id` IN ('230','231')  [ RunTime:0.0000s ]
NOTIC: [8] Undefined index: verification C:\xampp\htdocs\cmbch5\Application\Home\Controller\IndexController.class.php 第 119 行.
NOTIC: [8] Undefined index: verification C:\xampp\htdocs\cmbch5\Application\Home\Controller\IndexController.class.php 第 119 行.

[ 2016-11-08T16:23:12+08:00 ] 127.0.0.1 /cmbch5/index.php/home/index/doorder
INFO: [ app_init ] --START--
INFO: Run Behavior\BuildLiteBehavior [ RunTime:0.000000s ]
INFO: [ app_init ] --END-- [ RunTime:0.000000s ]
INFO: [ app_begin ] --START--
INFO: Run Behavior\ReadHtmlCacheBehavior [ RunTime:0.000000s ]
INFO: [ app_begin ] --END-- [ RunTime:0.000000s ]
SQL: SHOW COLUMNS FROM `tb_user` [ RunTime:0.0010s ]
SQL: SHOW COLUMNS FROM `tb_product` [ RunTime:0.0010s ]
SQL: SHOW COLUMNS FROM `tb_product_group` [ RunTime:0.0020s ]
SQL: SHOW COLUMNS FROM `tb_product_code` [ RunTime:0.0020s ]
SQL: SHOW COLUMNS FROM `tb_order` [ RunTime:0.0020s ]
SQL: SELECT * FROM `tb_product_group` WHERE ( status=1 )  [ RunTime:0.0000s ]
SQL: SELECT * FROM `tb_product` WHERE `id` IN ('232','231')  [ RunTime:0.0010s ]
SQL: SELECT * FROM `tb_product_code` WHERE ( productid=231 and status=0 ) LIMIT 1   FOR UPDATE  [ RunTime:0.0000s ]
NOTIC: [8] Undefined variable: code C:\xampp\htdocs\cmbch5\Application\Home\Controller\IndexController.class.php 第 112 行.
ERR: 1064:You have an error in your SQL syntax; check the manual that corresponds to your MariaDB server version for the right syntax to use near '%d and status=0 )' at line 1
 [ SQL语句 ] : UPDATE `tb_product_code` SET `status`='1',`updatetime`='2016-11-08 16:23:12' WHERE ( id=%d and status=0 )
ERR: 1064:You have an error in your SQL syntax; check the manual that corresponds to your MariaDB server version for the right syntax to use near '%d and status=0 )' at line 1
 [ SQL语句 ] : UPDATE `tb_product_code` SET `status`='1',`updatetime`='2016-11-08 16:23:12' WHERE ( id=%d and status=0 )

[ 2016-11-08T16:23:57+08:00 ] 127.0.0.1 /cmbch5/index.php/home/index/doorder
INFO: [ app_init ] --START--
INFO: Run Behavior\BuildLiteBehavior [ RunTime:0.000000s ]
INFO: [ app_init ] --END-- [ RunTime:0.000000s ]
INFO: [ app_begin ] --START--
INFO: Run Behavior\ReadHtmlCacheBehavior [ RunTime:0.000000s ]
INFO: [ app_begin ] --END-- [ RunTime:0.000000s ]
SQL: SHOW COLUMNS FROM `tb_user` [ RunTime:0.0010s ]
SQL: SHOW COLUMNS FROM `tb_product` [ RunTime:0.0010s ]
SQL: SHOW COLUMNS FROM `tb_product_group` [ RunTime:0.0010s ]
SQL: SHOW COLUMNS FROM `tb_product_code` [ RunTime:0.0010s ]
SQL: SHOW COLUMNS FROM `tb_order` [ RunTime:0.0010s ]
SQL: SELECT * FROM `tb_product_group` WHERE ( status=1 )  [ RunTime:0.0010s ]
SQL: SELECT * FROM `tb_product` WHERE `id` IN ('232','231')  [ RunTime:0.0010s ]
SQL: SELECT * FROM `tb_product_code` WHERE ( productid=231 and status=0 ) LIMIT 1   FOR UPDATE  [ RunTime:0.0000s ]
NOTIC: [8] Undefined variable: code C:\xampp\htdocs\cmbch5\Application\Home\Controller\IndexController.class.php 第 111 行.

[ 2016-11-08T16:23:58+08:00 ] 127.0.0.1 /cmbch5/index.php/home/index/doorder
INFO: [ app_init ] --START--
INFO: Run Behavior\BuildLiteBehavior [ RunTime:0.000000s ]
INFO: [ app_init ] --END-- [ RunTime:0.000000s ]
INFO: [ app_begin ] --START--
INFO: Run Behavior\ReadHtmlCacheBehavior [ RunTime:0.000000s ]
INFO: [ app_begin ] --END-- [ RunTime:0.000000s ]
SQL: SHOW COLUMNS FROM `tb_user` [ RunTime:0.0010s ]
SQL: SHOW COLUMNS FROM `tb_product` [ RunTime:0.0010s ]
SQL: SHOW COLUMNS FROM `tb_product_group` [ RunTime:0.0010s ]
SQL: SHOW COLUMNS FROM `tb_product_code` [ RunTime:0.0010s ]
SQL: SHOW COLUMNS FROM `tb_order` [ RunTime:0.0010s ]
SQL: SELECT * FROM `tb_product_group` WHERE ( status=1 )  [ RunTime:0.0010s ]
SQL: SELECT * FROM `tb_product` WHERE `id` IN ('232','231')  [ RunTime:0.0000s ]
SQL: SELECT * FROM `tb_product_code` WHERE ( productid=231 and status=0 ) LIMIT 1   FOR UPDATE  [ RunTime:0.0000s ]
NOTIC: [8] Undefined variable: code C:\xampp\htdocs\cmbch5\Application\Home\Controller\IndexController.class.php 第 111 行.

[ 2016-11-08T16:23:58+08:00 ] 127.0.0.1 /cmbch5/index.php/home/index/doorder
INFO: [ app_init ] --START--
INFO: Run Behavior\BuildLiteBehavior [ RunTime:0.000000s ]
INFO: [ app_init ] --END-- [ RunTime:0.000000s ]
INFO: [ app_begin ] --START--
INFO: Run Behavior\ReadHtmlCacheBehavior [ RunTime:0.001000s ]
INFO: [ app_begin ] --END-- [ RunTime:0.001000s ]
SQL: SHOW COLUMNS FROM `tb_user` [ RunTime:0.0020s ]
SQL: SHOW COLUMNS FROM `tb_product` [ RunTime:0.0010s ]
SQL: SHOW COLUMNS FROM `tb_product_group` [ RunTime:0.0010s ]
SQL: SHOW COLUMNS FROM `tb_product_code` [ RunTime:0.0010s ]
SQL: SHOW COLUMNS FROM `tb_order` [ RunTime:0.0010s ]
SQL: SELECT * FROM `tb_product_group` WHERE ( status=1 )  [ RunTime:0.0010s ]
SQL: SELECT * FROM `tb_product` WHERE `id` IN ('232','231')  [ RunTime:0.0000s ]
SQL: SELECT * FROM `tb_product_code` WHERE ( productid=231 and status=0 ) LIMIT 1   FOR UPDATE  [ RunTime:0.0000s ]
NOTIC: [8] Undefined variable: code C:\xampp\htdocs\cmbch5\Application\Home\Controller\IndexController.class.php 第 111 行.

[ 2016-11-08T16:23:58+08:00 ] 127.0.0.1 /cmbch5/index.php/home/index/doorder
INFO: [ app_init ] --START--
INFO: Run Behavior\BuildLiteBehavior [ RunTime:0.000000s ]
INFO: [ app_init ] --END-- [ RunTime:0.000000s ]
INFO: [ app_begin ] --START--
INFO: Run Behavior\ReadHtmlCacheBehavior [ RunTime:0.001000s ]
INFO: [ app_begin ] --END-- [ RunTime:0.001000s ]
SQL: SHOW COLUMNS FROM `tb_user` [ RunTime:0.0010s ]
SQL: SHOW COLUMNS FROM `tb_product` [ RunTime:0.0010s ]
SQL: SHOW COLUMNS FROM `tb_product_group` [ RunTime:0.0010s ]
SQL: SHOW COLUMNS FROM `tb_product_code` [ RunTime:0.0010s ]
SQL: SHOW COLUMNS FROM `tb_order` [ RunTime:0.0010s ]
SQL: SELECT * FROM `tb_product_group` WHERE ( status=1 )  [ RunTime:0.0000s ]
SQL: SELECT * FROM `tb_product` WHERE `id` IN ('230','231')  [ RunTime:0.0010s ]
SQL: SELECT * FROM `tb_product_code` WHERE ( productid=230 and status=0 ) LIMIT 1   FOR UPDATE  [ RunTime:0.0000s ]
NOTIC: [8] Undefined variable: code C:\xampp\htdocs\cmbch5\Application\Home\Controller\IndexController.class.php 第 111 行.

[ 2016-11-08T16:23:58+08:00 ] 127.0.0.1 /cmbch5/index.php/home/index/doorder
INFO: [ app_init ] --START--
INFO: Run Behavior\BuildLiteBehavior [ RunTime:0.000000s ]
INFO: [ app_init ] --END-- [ RunTime:0.000000s ]
INFO: [ app_begin ] --START--
INFO: Run Behavior\ReadHtmlCacheBehavior [ RunTime:0.000000s ]
INFO: [ app_begin ] --END-- [ RunTime:0.000000s ]
SQL: SHOW COLUMNS FROM `tb_user` [ RunTime:0.0020s ]
SQL: SHOW COLUMNS FROM `tb_product` [ RunTime:0.0010s ]
SQL: SHOW COLUMNS FROM `tb_product_group` [ RunTime:0.0010s ]
SQL: SHOW COLUMNS FROM `tb_product_code` [ RunTime:0.0010s ]
SQL: SHOW COLUMNS FROM `tb_order` [ RunTime:0.0010s ]
SQL: SELECT * FROM `tb_product_group` WHERE ( status=1 )  [ RunTime:0.0000s ]
SQL: SELECT * FROM `tb_product` WHERE `id` IN ('230','231')  [ RunTime:0.0000s ]
SQL: SELECT * FROM `tb_product_code` WHERE ( productid=230 and status=0 ) LIMIT 1   FOR UPDATE  [ RunTime:0.0010s ]
NOTIC: [8] Undefined variable: code C:\xampp\htdocs\cmbch5\Application\Home\Controller\IndexController.class.php 第 111 行.

[ 2016-11-08T16:23:59+08:00 ] 127.0.0.1 /cmbch5/index.php/home/index/doorder
INFO: [ app_init ] --START--
INFO: Run Behavior\BuildLiteBehavior [ RunTime:0.000000s ]
INFO: [ app_init ] --END-- [ RunTime:0.000000s ]
INFO: [ app_begin ] --START--
INFO: Run Behavior\ReadHtmlCacheBehavior [ RunTime:0.000000s ]
INFO: [ app_begin ] --END-- [ RunTime:0.000000s ]
SQL: SHOW COLUMNS FROM `tb_user` [ RunTime:0.0010s ]
SQL: SHOW COLUMNS FROM `tb_product` [ RunTime:0.0010s ]
SQL: SHOW COLUMNS FROM `tb_product_group` [ RunTime:0.0000s ]
SQL: SHOW COLUMNS FROM `tb_product_code` [ RunTime:0.0010s ]
SQL: SHOW COLUMNS FROM `tb_order` [ RunTime:0.0010s ]
SQL: SELECT * FROM `tb_product_group` WHERE ( status=1 )  [ RunTime:0.0000s ]
SQL: SELECT * FROM `tb_product` WHERE `id` IN ('232','231')  [ RunTime:0.0000s ]
SQL: SELECT * FROM `tb_product_code` WHERE ( productid=231 and status=0 ) LIMIT 1   FOR UPDATE  [ RunTime:0.0010s ]
NOTIC: [8] Undefined variable: code C:\xampp\htdocs\cmbch5\Application\Home\Controller\IndexController.class.php 第 111 行.

[ 2016-11-08T16:23:59+08:00 ] 127.0.0.1 /cmbch5/index.php/home/index/doorder
INFO: [ app_init ] --START--
INFO: Run Behavior\BuildLiteBehavior [ RunTime:0.000000s ]
INFO: [ app_init ] --END-- [ RunTime:0.000000s ]
INFO: [ app_begin ] --START--
INFO: Run Behavior\ReadHtmlCacheBehavior [ RunTime:0.000000s ]
INFO: [ app_begin ] --END-- [ RunTime:0.001000s ]
SQL: SHOW COLUMNS FROM `tb_user` [ RunTime:0.0020s ]
SQL: SHOW COLUMNS FROM `tb_product` [ RunTime:0.0010s ]
SQL: SHOW COLUMNS FROM `tb_product_group` [ RunTime:0.0010s ]
SQL: SHOW COLUMNS FROM `tb_product_code` [ RunTime:0.0010s ]
SQL: SHOW COLUMNS FROM `tb_order` [ RunTime:0.0010s ]
SQL: SELECT * FROM `tb_product_group` WHERE ( status=1 )  [ RunTime:0.0000s ]
SQL: SELECT * FROM `tb_product` WHERE `id` IN ('232','231')  [ RunTime:0.0010s ]
SQL: SELECT * FROM `tb_product_code` WHERE ( productid=231 and status=0 ) LIMIT 1   FOR UPDATE  [ RunTime:0.0000s ]
NOTIC: [8] Undefined variable: code C:\xampp\htdocs\cmbch5\Application\Home\Controller\IndexController.class.php 第 111 行.

[ 2016-11-08T16:24:13+08:00 ] 127.0.0.1 /cmbch5/index.php/home/index/doorder
INFO: [ app_init ] --START--
INFO: Run Behavior\BuildLiteBehavior [ RunTime:0.000000s ]
INFO: [ app_init ] --END-- [ RunTime:0.000000s ]
INFO: [ app_begin ] --START--
INFO: Run Behavior\ReadHtmlCacheBehavior [ RunTime:0.000000s ]
INFO: [ app_begin ] --END-- [ RunTime:0.000000s ]
SQL: SHOW COLUMNS FROM `tb_user` [ RunTime:0.0010s ]
SQL: SHOW COLUMNS FROM `tb_product` [ RunTime:0.0010s ]
SQL: SHOW COLUMNS FROM `tb_product_group` [ RunTime:0.0000s ]
SQL: SHOW COLUMNS FROM `tb_product_code` [ RunTime:0.0000s ]
SQL: SHOW COLUMNS FROM `tb_order` [ RunTime:0.0010s ]
SQL: SELECT * FROM `tb_product_group` WHERE ( status=1 )  [ RunTime:0.0000s ]
SQL: SELECT * FROM `tb_product` WHERE `id` IN ('230','231')  [ RunTime:0.0000s ]
SQL: SELECT * FROM `tb_product_code` WHERE ( productid=230 and status=0 ) LIMIT 1   FOR UPDATE  [ RunTime:0.0000s ]

[ 2016-11-08T16:24:23+08:00 ] 127.0.0.1 /cmbch5/index.php/home/index/doorder
INFO: [ app_init ] --START--
INFO: Run Behavior\BuildLiteBehavior [ RunTime:0.000000s ]
INFO: [ app_init ] --END-- [ RunTime:0.001000s ]
INFO: [ app_begin ] --START--
INFO: Run Behavior\ReadHtmlCacheBehavior [ RunTime:0.001000s ]
INFO: [ app_begin ] --END-- [ RunTime:0.001000s ]
SQL: SHOW COLUMNS FROM `tb_user` [ RunTime:0.0010s ]
SQL: SHOW COLUMNS FROM `tb_product` [ RunTime:0.0010s ]
SQL: SHOW COLUMNS FROM `tb_product_group` [ RunTime:0.0010s ]
SQL: SHOW COLUMNS FROM `tb_product_code` [ RunTime:0.0010s ]
SQL: SHOW COLUMNS FROM `tb_order` [ RunTime:0.0010s ]
SQL: SELECT * FROM `tb_product_group` WHERE ( status=1 )  [ RunTime:0.0000s ]
SQL: SELECT * FROM `tb_product` WHERE `id` IN ('232','231')  [ RunTime:0.0000s ]
SQL: SELECT * FROM `tb_product_code` WHERE ( productid=231 and status=0 ) LIMIT 1   FOR UPDATE  [ RunTime:0.0000s ]
SQL: UPDATE `tb_product_code` SET `status`='1',`updatetime`='2016-11-08 16:24:23' WHERE ( id=213 and status=0 ) [ RunTime:0.0260s ]
NOTIC: [8] Undefined variable: code C:\xampp\htdocs\cmbch5\Application\Home\Controller\IndexController.class.php 第 115 行.
NOTIC: [8] Undefined variable: a C:\xampp\htdocs\cmbch5\Application\Home\Controller\IndexController.class.php 第 117 行.
SQL: SELECT * FROM `tb_product_code` WHERE ( productid=232 and status=0 ) LIMIT 1   FOR UPDATE  [ RunTime:0.0000s ]
SQL: UPDATE `tb_product_code` SET `status`='1',`updatetime`='2016-11-08 16:24:23' WHERE ( id=321 and status=0 ) [ RunTime:0.0000s ]
NOTIC: [8] Undefined variable: code C:\xampp\htdocs\cmbch5\Application\Home\Controller\IndexController.class.php 第 115 行.

[ 2016-11-08T16:24:42+08:00 ] 127.0.0.1 /cmbch5/index.php/home/index/doorder
INFO: [ app_init ] --START--
INFO: Run Behavior\BuildLiteBehavior [ RunTime:0.000000s ]
INFO: [ app_init ] --END-- [ RunTime:0.000000s ]
INFO: [ app_begin ] --START--
INFO: Run Behavior\ReadHtmlCacheBehavior [ RunTime:0.000000s ]
INFO: [ app_begin ] --END-- [ RunTime:0.000000s ]
SQL: SHOW COLUMNS FROM `tb_user` [ RunTime:0.0010s ]
SQL: SHOW COLUMNS FROM `tb_product` [ RunTime:0.0010s ]
SQL: SHOW COLUMNS FROM `tb_product_group` [ RunTime:0.0010s ]
SQL: SHOW COLUMNS FROM `tb_product_code` [ RunTime:0.0010s ]
SQL: SHOW COLUMNS FROM `tb_order` [ RunTime:0.0010s ]
SQL: SELECT * FROM `tb_product_group` WHERE ( status=1 )  [ RunTime:0.0000s ]
SQL: SELECT * FROM `tb_product` WHERE `id` IN ('232','231')  [ RunTime:0.0000s ]
SQL: SELECT * FROM `tb_product_code` WHERE ( productid=231 and status=0 ) LIMIT 1   FOR UPDATE  [ RunTime:0.0000s ]
SQL: UPDATE `tb_product_code` SET `status`='1',`updatetime`='2016-11-08 16:24:42' WHERE ( id=213 and status=0 ) [ RunTime:0.0000s ]
NOTIC: [8] Undefined variable: code C:\xampp\htdocs\cmbch5\Application\Home\Controller\IndexController.class.php 第 115 行.
SQL: SELECT * FROM `tb_product_code` WHERE ( productid=232 and status=0 ) LIMIT 1   FOR UPDATE  [ RunTime:0.0000s ]
SQL: UPDATE `tb_product_code` SET `status`='1',`updatetime`='2016-11-08 16:24:42' WHERE ( id=321 and status=0 ) [ RunTime:0.0000s ]
NOTIC: [8] Undefined variable: code C:\xampp\htdocs\cmbch5\Application\Home\Controller\IndexController.class.php 第 115 行.

[ 2016-11-08T16:31:10+08:00 ] 127.0.0.1 /cmbch5/index.php/home/index/doorder
INFO: [ app_init ] --START--
INFO: Run Behavior\BuildLiteBehavior [ RunTime:0.000000s ]
INFO: [ app_init ] --END-- [ RunTime:0.000000s ]
INFO: [ app_begin ] --START--
INFO: Run Behavior\ReadHtmlCacheBehavior [ RunTime:0.000000s ]
INFO: [ app_begin ] --END-- [ RunTime:0.000000s ]
SQL: SHOW COLUMNS FROM `tb_user` [ RunTime:0.0010s ]
SQL: SHOW COLUMNS FROM `tb_product` [ RunTime:0.0010s ]
SQL: SHOW COLUMNS FROM `tb_product_group` [ RunTime:0.0010s ]
SQL: SHOW COLUMNS FROM `tb_product_code` [ RunTime:0.0010s ]
SQL: SHOW COLUMNS FROM `tb_order` [ RunTime:0.0020s ]
SQL: SELECT * FROM `tb_product_group` WHERE ( status=1 )  [ RunTime:0.0000s ]
SQL: SELECT * FROM `tb_product` WHERE `id` IN ('230','231')  [ RunTime:0.0010s ]
SQL: SELECT * FROM `tb_product_code` WHERE ( productid=230 and status=0 ) LIMIT 1   FOR UPDATE  [ RunTime:0.0000s ]
SQL: UPDATE `tb_product_code` SET `status`='1',`updatetime`='2016-11-08 16:31:10' WHERE ( id=123 and status=0 ) [ RunTime:0.0000s ]
NOTIC: [8] Undefined variable: code C:\xampp\htdocs\cmbch5\Application\Home\Controller\IndexController.class.php 第 115 行.
SQL: SELECT * FROM `tb_product_code` WHERE ( productid=231 and status=0 ) LIMIT 1   FOR UPDATE  [ RunTime:0.0010s ]
SQL: UPDATE `tb_product_code` SET `status`='1',`updatetime`='2016-11-08 16:31:10' WHERE ( id=213 and status=0 ) [ RunTime:0.0000s ]
NOTIC: [8] Undefined variable: code C:\xampp\htdocs\cmbch5\Application\Home\Controller\IndexController.class.php 第 115 行.
SQL: INSERT INTO `tb_order` (`tel`,`userid`,`group_id`,`msgcontent`,`productcode`,`remark`,`createtime`,`updatetime`) VALUES ('17751289893','2051233','1','123:123...213.....','1券码id:1,2券码id:332233','','2016-11-08 16:31:10','2016-11-08 16:31:10') [ RunTime:0.0000s ]
NOTIC: [8] Undefined variable: gourp C:\xampp\htdocs\cmbch5\Application\Home\Controller\IndexController.class.php 第 138 行.
ERR: 1064:You have an error in your SQL syntax; check the manual that corresponds to your MariaDB server version for the right syntax to use near '%d and quality>0 )' at line 1
 [ SQL语句 ] : UPDATE `tb_product_group` SET `salequantity`=salequantity+1 WHERE (  id=%d and quality>0 )
ERR: 1064:You have an error in your SQL syntax; check the manual that corresponds to your MariaDB server version for the right syntax to use near '%d and quality>0 )' at line 1
 [ SQL语句 ] : UPDATE `tb_product_group` SET `salequantity`=salequantity+1 WHERE (  id=%d and quality>0 )

[ 2016-11-08T16:31:46+08:00 ] 127.0.0.1 /cmbch5/index.php/home/index/doorder
INFO: [ app_init ] --START--
INFO: Run Behavior\BuildLiteBehavior [ RunTime:0.000000s ]
INFO: [ app_init ] --END-- [ RunTime:0.000000s ]
INFO: [ app_begin ] --START--
INFO: Run Behavior\ReadHtmlCacheBehavior [ RunTime:0.001000s ]
INFO: [ app_begin ] --END-- [ RunTime:0.001000s ]
SQL: SHOW COLUMNS FROM `tb_user` [ RunTime:0.0010s ]
SQL: SHOW COLUMNS FROM `tb_product` [ RunTime:0.0010s ]
SQL: SHOW COLUMNS FROM `tb_product_group` [ RunTime:0.0010s ]
SQL: SHOW COLUMNS FROM `tb_product_code` [ RunTime:0.0000s ]
SQL: SHOW COLUMNS FROM `tb_order` [ RunTime:0.0010s ]
SQL: SELECT * FROM `tb_product_group` WHERE ( status=1 )  [ RunTime:0.0000s ]
SQL: SELECT * FROM `tb_product` WHERE `id` IN ('230','231')  [ RunTime:0.0000s ]
SQL: SELECT * FROM `tb_product_code` WHERE ( productid=230 and status=0 ) LIMIT 1   FOR UPDATE  [ RunTime:0.0000s ]
SQL: UPDATE `tb_product_code` SET `status`='1',`updatetime`='2016-11-08 16:31:46' WHERE ( id=123 and status=0 ) [ RunTime:0.0000s ]
NOTIC: [8] Undefined variable: code C:\xampp\htdocs\cmbch5\Application\Home\Controller\IndexController.class.php 第 115 行.
SQL: SELECT * FROM `tb_product_code` WHERE ( productid=231 and status=0 ) LIMIT 1   FOR UPDATE  [ RunTime:0.0000s ]
SQL: UPDATE `tb_product_code` SET `status`='1',`updatetime`='2016-11-08 16:31:46' WHERE ( id=213 and status=0 ) [ RunTime:0.0000s ]
NOTIC: [8] Undefined variable: code C:\xampp\htdocs\cmbch5\Application\Home\Controller\IndexController.class.php 第 115 行.
SQL: INSERT INTO `tb_order` (`tel`,`userid`,`group_id`,`msgcontent`,`productcode`,`remark`,`createtime`,`updatetime`) VALUES ('17751289893','2051233','1','123:123...213.....','1券码id:1,2券码id:332233','','2016-11-08 16:31:46','2016-11-08 16:31:46') [ RunTime:0.0000s ]
NOTIC: [8] Undefined variable: gourp C:\xampp\htdocs\cmbch5\Application\Home\Controller\IndexController.class.php 第 138 行.
ERR: 1054:Unknown column 'quality' in 'where clause'
 [ SQL语句 ] : UPDATE `tb_product_group` SET `salequantity`=salequantity+1 WHERE (  id=0 and quality>0 )
ERR: 1054:Unknown column 'quality' in 'where clause'
 [ SQL语句 ] : UPDATE `tb_product_group` SET `salequantity`=salequantity+1 WHERE (  id=0 and quality>0 )

[ 2016-11-08T16:32:26+08:00 ] 127.0.0.1 /cmbch5/index.php/home/index/doorder
INFO: [ app_init ] --START--
INFO: Run Behavior\BuildLiteBehavior [ RunTime:0.000000s ]
INFO: [ app_init ] --END-- [ RunTime:0.000000s ]
INFO: [ app_begin ] --START--
INFO: Run Behavior\ReadHtmlCacheBehavior [ RunTime:0.000000s ]
INFO: [ app_begin ] --END-- [ RunTime:0.000000s ]
SQL: SHOW COLUMNS FROM `tb_user` [ RunTime:0.0010s ]
SQL: SHOW COLUMNS FROM `tb_product` [ RunTime:0.0000s ]
SQL: SHOW COLUMNS FROM `tb_product_group` [ RunTime:0.0010s ]
SQL: SHOW COLUMNS FROM `tb_product_code` [ RunTime:0.0010s ]
SQL: SHOW COLUMNS FROM `tb_order` [ RunTime:0.0010s ]
SQL: SELECT * FROM `tb_product_group` WHERE ( status=1 )  [ RunTime:0.0000s ]
SQL: SELECT * FROM `tb_product` WHERE `id` IN ('230','231')  [ RunTime:0.0000s ]
SQL: SELECT * FROM `tb_product_code` WHERE ( productid=230 and status=0 ) LIMIT 1   FOR UPDATE  [ RunTime:0.0010s ]
SQL: UPDATE `tb_product_code` SET `status`='1',`updatetime`='2016-11-08 16:32:26' WHERE ( id=123 and status=0 ) [ RunTime:0.0000s ]
NOTIC: [8] Undefined variable: code C:\xampp\htdocs\cmbch5\Application\Home\Controller\IndexController.class.php 第 115 行.
SQL: SELECT * FROM `tb_product_code` WHERE ( productid=231 and status=0 ) LIMIT 1   FOR UPDATE  [ RunTime:0.0000s ]
SQL: UPDATE `tb_product_code` SET `status`='1',`updatetime`='2016-11-08 16:32:26' WHERE ( id=213 and status=0 ) [ RunTime:0.0000s ]
NOTIC: [8] Undefined variable: code C:\xampp\htdocs\cmbch5\Application\Home\Controller\IndexController.class.php 第 115 行.

[ 2016-11-08T16:32:39+08:00 ] 127.0.0.1 /cmbch5/index.php/home/index/doorder
INFO: [ app_init ] --START--
INFO: Run Behavior\BuildLiteBehavior [ RunTime:0.000000s ]
INFO: [ app_init ] --END-- [ RunTime:0.000000s ]
INFO: [ app_begin ] --START--
INFO: Run Behavior\ReadHtmlCacheBehavior [ RunTime:0.000000s ]
INFO: [ app_begin ] --END-- [ RunTime:0.000000s ]
SQL: SHOW COLUMNS FROM `tb_user` [ RunTime:0.0010s ]
SQL: SHOW COLUMNS FROM `tb_product` [ RunTime:0.0010s ]
SQL: SHOW COLUMNS FROM `tb_product_group` [ RunTime:0.0010s ]
SQL: SHOW COLUMNS FROM `tb_product_code` [ RunTime:0.0010s ]
SQL: SHOW COLUMNS FROM `tb_order` [ RunTime:0.0000s ]
SQL: SELECT * FROM `tb_product_group` WHERE ( status=1 )  [ RunTime:0.0000s ]
SQL: SELECT * FROM `tb_product` WHERE `id` IN ('230','231')  [ RunTime:0.0000s ]
SQL: SELECT * FROM `tb_product_code` WHERE ( productid=230 and status=0 ) LIMIT 1   FOR UPDATE  [ RunTime:0.0010s ]
SQL: UPDATE `tb_product_code` SET `status`='1',`updatetime`='2016-11-08 16:32:39' WHERE ( id=123 and status=0 ) [ RunTime:0.0000s ]
NOTIC: [8] Undefined variable: code C:\xampp\htdocs\cmbch5\Application\Home\Controller\IndexController.class.php 第 115 行.
SQL: SELECT * FROM `tb_product_code` WHERE ( productid=231 and status=0 ) LIMIT 1   FOR UPDATE  [ RunTime:0.0000s ]
SQL: UPDATE `tb_product_code` SET `status`='1',`updatetime`='2016-11-08 16:32:39' WHERE ( id=213 and status=0 ) [ RunTime:0.0010s ]
NOTIC: [8] Undefined variable: code C:\xampp\htdocs\cmbch5\Application\Home\Controller\IndexController.class.php 第 115 行.
SQL: INSERT INTO `tb_order` (`tel`,`userid`,`group_id`,`msgcontent`,`productcode`,`remark`,`createtime`,`updatetime`) VALUES ('17751289893','2051233','1','123:123...213.....','1券码id:1,2券码id:332233','','2016-11-08 16:32:39','2016-11-08 16:32:39') [ RunTime:0.0000s ]
ERR: 1054:Unknown column 'quality' in 'where clause'
 [ SQL语句 ] : UPDATE `tb_product_group` SET `salequantity`=salequantity+1 WHERE (  id=1 and quality>0 )
ERR: 1054:Unknown column 'quality' in 'where clause'
 [ SQL语句 ] : UPDATE `tb_product_group` SET `salequantity`=salequantity+1 WHERE (  id=1 and quality>0 )

[ 2016-11-08T16:34:25+08:00 ] 127.0.0.1 /cmbch5/index.php/home/index/doorder
INFO: [ app_init ] --START--
INFO: Run Behavior\BuildLiteBehavior [ RunTime:0.000000s ]
INFO: [ app_init ] --END-- [ RunTime:0.000000s ]
INFO: [ app_begin ] --START--
INFO: Run Behavior\ReadHtmlCacheBehavior [ RunTime:0.000000s ]
INFO: [ app_begin ] --END-- [ RunTime:0.000000s ]
SQL: SHOW COLUMNS FROM `tb_user` [ RunTime:0.0020s ]
SQL: SHOW COLUMNS FROM `tb_product` [ RunTime:0.0010s ]
SQL: SHOW COLUMNS FROM `tb_product_group` [ RunTime:0.0010s ]
SQL: SHOW COLUMNS FROM `tb_product_code` [ RunTime:0.0020s ]
SQL: SHOW COLUMNS FROM `tb_order` [ RunTime:0.0010s ]
SQL: SELECT * FROM `tb_product_group` WHERE ( status=1 )  [ RunTime:0.0010s ]
SQL: SELECT * FROM `tb_product` WHERE `id` IN ('230','231')  [ RunTime:0.0000s ]
SQL: SELECT * FROM `tb_product_code` WHERE ( productid=230 and status=0 ) LIMIT 1   FOR UPDATE  [ RunTime:0.0000s ]
SQL: UPDATE `tb_product_code` SET `status`='1',`updatetime`='2016-11-08 16:34:25' WHERE ( id=123 and status=0 ) [ RunTime:0.0000s ]
NOTIC: [8] Undefined variable: code C:\xampp\htdocs\cmbch5\Application\Home\Controller\IndexController.class.php 第 115 行.
SQL: SELECT * FROM `tb_product_code` WHERE ( productid=231 and status=0 ) LIMIT 1   FOR UPDATE  [ RunTime:0.0000s ]
SQL: UPDATE `tb_product_code` SET `status`='1',`updatetime`='2016-11-08 16:34:25' WHERE ( id=213 and status=0 ) [ RunTime:0.0000s ]
NOTIC: [8] Undefined variable: code C:\xampp\htdocs\cmbch5\Application\Home\Controller\IndexController.class.php 第 115 行.
SQL: INSERT INTO `tb_order` (`tel`,`userid`,`group_id`,`msgcontent`,`productcode`,`remark`,`createtime`,`updatetime`) VALUES ('17751289893','2051233','1','123:123...213.....','1券码id:1,2券码id:332233','','2016-11-08 16:34:25','2016-11-08 16:34:25') [ RunTime:0.0000s ]
ERR: 1054:Unknown column 'quality' in 'where clause'
 [ SQL语句 ] : UPDATE `tb_product_group` SET `salequantity`=salequantity+1 WHERE (  id=1 and quality>0 )
ERR: 1054:Unknown column 'quality' in 'where clause'
 [ SQL语句 ] : UPDATE `tb_product_group` SET `salequantity`=salequantity+1 WHERE (  id=1 and quality>0 )

[ 2016-11-08T16:34:26+08:00 ] 127.0.0.1 /cmbch5/index.php/home/index/doorder
INFO: [ app_init ] --START--
INFO: Run Behavior\BuildLiteBehavior [ RunTime:0.000000s ]
INFO: [ app_init ] --END-- [ RunTime:0.000000s ]
INFO: [ app_begin ] --START--
INFO: Run Behavior\ReadHtmlCacheBehavior [ RunTime:0.001000s ]
INFO: [ app_begin ] --END-- [ RunTime:0.001000s ]
SQL: SHOW COLUMNS FROM `tb_user` [ RunTime:0.0010s ]
SQL: SHOW COLUMNS FROM `tb_product` [ RunTime:0.0010s ]
SQL: SHOW COLUMNS FROM `tb_product_group` [ RunTime:0.0010s ]
SQL: SHOW COLUMNS FROM `tb_product_code` [ RunTime:0.0010s ]
SQL: SHOW COLUMNS FROM `tb_order` [ RunTime:0.0020s ]
SQL: SELECT * FROM `tb_product_group` WHERE ( status=1 )  [ RunTime:0.0000s ]
SQL: SELECT * FROM `tb_product` WHERE `id` IN ('232','231')  [ RunTime:0.0000s ]
SQL: SELECT * FROM `tb_product_code` WHERE ( productid=231 and status=0 ) LIMIT 1   FOR UPDATE  [ RunTime:0.0010s ]
SQL: UPDATE `tb_product_code` SET `status`='1',`updatetime`='2016-11-08 16:34:26' WHERE ( id=213 and status=0 ) [ RunTime:0.0000s ]
NOTIC: [8] Undefined variable: code C:\xampp\htdocs\cmbch5\Application\Home\Controller\IndexController.class.php 第 115 行.
SQL: SELECT * FROM `tb_product_code` WHERE ( productid=232 and status=0 ) LIMIT 1   FOR UPDATE  [ RunTime:0.0000s ]
SQL: UPDATE `tb_product_code` SET `status`='1',`updatetime`='2016-11-08 16:34:26' WHERE ( id=321 and status=0 ) [ RunTime:0.0010s ]
NOTIC: [8] Undefined variable: code C:\xampp\htdocs\cmbch5\Application\Home\Controller\IndexController.class.php 第 115 行.
SQL: INSERT INTO `tb_order` (`tel`,`userid`,`group_id`,`msgcontent`,`productcode`,`remark`,`createtime`,`updatetime`) VALUES ('17751289893','2051233','2','111:213.....321..........','2券码id:332233,3券码id:332234','','2016-11-08 16:34:26','2016-11-08 16:34:26') [ RunTime:0.0000s ]
ERR: 1054:Unknown column 'quality' in 'where clause'
 [ SQL语句 ] : UPDATE `tb_product_group` SET `salequantity`=salequantity+1 WHERE (  id=2 and quality>0 )
ERR: 1054:Unknown column 'quality' in 'where clause'
 [ SQL语句 ] : UPDATE `tb_product_group` SET `salequantity`=salequantity+1 WHERE (  id=2 and quality>0 )

[ 2016-11-08T16:34:28+08:00 ] 127.0.0.1 /cmbch5/index.php/home/index/doorder
INFO: [ app_init ] --START--
INFO: Run Behavior\BuildLiteBehavior [ RunTime:0.000000s ]
INFO: [ app_init ] --END-- [ RunTime:0.000000s ]
INFO: [ app_begin ] --START--
INFO: Run Behavior\ReadHtmlCacheBehavior [ RunTime:0.000000s ]
INFO: [ app_begin ] --END-- [ RunTime:0.000000s ]
SQL: SHOW COLUMNS FROM `tb_user` [ RunTime:0.0010s ]
SQL: SHOW COLUMNS FROM `tb_product` [ RunTime:0.0010s ]
SQL: SHOW COLUMNS FROM `tb_product_group` [ RunTime:0.0010s ]
SQL: SHOW COLUMNS FROM `tb_product_code` [ RunTime:0.0010s ]
SQL: SHOW COLUMNS FROM `tb_order` [ RunTime:0.0010s ]
SQL: SELECT * FROM `tb_product_group` WHERE ( status=1 )  [ RunTime:0.0000s ]
SQL: SELECT * FROM `tb_product` WHERE `id` IN ('230','231')  [ RunTime:0.0000s ]
SQL: SELECT * FROM `tb_product_code` WHERE ( productid=230 and status=0 ) LIMIT 1   FOR UPDATE  [ RunTime:0.0000s ]
SQL: UPDATE `tb_product_code` SET `status`='1',`updatetime`='2016-11-08 16:34:28' WHERE ( id=123 and status=0 ) [ RunTime:0.0000s ]
NOTIC: [8] Undefined variable: code C:\xampp\htdocs\cmbch5\Application\Home\Controller\IndexController.class.php 第 115 行.
SQL: SELECT * FROM `tb_product_code` WHERE ( productid=231 and status=0 ) LIMIT 1   FOR UPDATE  [ RunTime:0.0000s ]
SQL: UPDATE `tb_product_code` SET `status`='1',`updatetime`='2016-11-08 16:34:28' WHERE ( id=213 and status=0 ) [ RunTime:0.0000s ]
NOTIC: [8] Undefined variable: code C:\xampp\htdocs\cmbch5\Application\Home\Controller\IndexController.class.php 第 115 行.
SQL: INSERT INTO `tb_order` (`tel`,`userid`,`group_id`,`msgcontent`,`productcode`,`remark`,`createtime`,`updatetime`) VALUES ('17751289893','2051233','1','123:123...213.....','1券码id:1,2券码id:332233','','2016-11-08 16:34:28','2016-11-08 16:34:28') [ RunTime:0.0000s ]
ERR: 1054:Unknown column 'quality' in 'where clause'
 [ SQL语句 ] : UPDATE `tb_product_group` SET `salequantity`=salequantity+1 WHERE (  id=1 and quality>0 )
ERR: 1054:Unknown column 'quality' in 'where clause'
 [ SQL语句 ] : UPDATE `tb_product_group` SET `salequantity`=salequantity+1 WHERE (  id=1 and quality>0 )

[ 2016-11-08T16:39:55+08:00 ] 127.0.0.1 /cmbch5/index.php/home/index/doorder
INFO: [ app_init ] --START--
INFO: Run Behavior\BuildLiteBehavior [ RunTime:0.000000s ]
INFO: [ app_init ] --END-- [ RunTime:0.000000s ]
INFO: [ app_begin ] --START--
INFO: Run Behavior\ReadHtmlCacheBehavior [ RunTime:0.000000s ]
INFO: [ app_begin ] --END-- [ RunTime:0.000000s ]
SQL: SHOW COLUMNS FROM `tb_user` [ RunTime:0.0010s ]
SQL: SHOW COLUMNS FROM `tb_product` [ RunTime:0.0010s ]
SQL: SHOW COLUMNS FROM `tb_product_group` [ RunTime:0.0010s ]
SQL: SHOW COLUMNS FROM `tb_product_code` [ RunTime:0.0010s ]
SQL: SHOW COLUMNS FROM `tb_order` [ RunTime:0.0010s ]
SQL: SELECT * FROM `tb_product_group` WHERE ( status=1 )  [ RunTime:0.0000s ]
SQL: SELECT * FROM `tb_product` WHERE `id` IN ('230','231')  [ RunTime:0.0000s ]
SQL: SELECT * FROM `tb_product_code` WHERE ( productid=230 and status=0 ) LIMIT 1   FOR UPDATE  [ RunTime:0.0000s ]
SQL: UPDATE `tb_product_code` SET `status`='1',`updatetime`='2016-11-08 16:39:54' WHERE ( id=123 and status=0 ) [ RunTime:0.0000s ]
NOTIC: [8] Undefined variable: code C:\xampp\htdocs\cmbch5\Application\Home\Controller\IndexController.class.php 第 115 行.
SQL: SELECT * FROM `tb_product_code` WHERE ( productid=231 and status=0 ) LIMIT 1   FOR UPDATE  [ RunTime:0.0000s ]
SQL: UPDATE `tb_product_code` SET `status`='1',`updatetime`='2016-11-08 16:39:54' WHERE ( id=213 and status=0 ) [ RunTime:0.0010s ]
NOTIC: [8] Undefined variable: code C:\xampp\htdocs\cmbch5\Application\Home\Controller\IndexController.class.php 第 115 行.
SQL: INSERT INTO `tb_order` (`tel`,`userid`,`group_id`,`msgcontent`,`productcode`,`remark`,`createtime`,`updatetime`) VALUES ('17751289893','2051233','1','123:123...213.....','1券码id:1,2券码id:332233','','2016-11-08 16:39:54','2016-11-08 16:39:54') [ RunTime:0.0000s ]
SQL: UPDATE `tb_product_group` SET `salequantity`=salequantity+1 WHERE (  id=1 and quantity>0 ) [ RunTime:0.0980s ]
SQL: UPDATE `tb_product_group` SET `updatetime`='2016-11-08 16:39:54' WHERE (  id=1 and quantity>0 ) [ RunTime:0.0580s ]
NOTIC: [8] Undefined index: PLATFORM_CODE C:\xampp\htdocs\cmbch5\Application\Home\Common\function.php 第 67 行.
NOTIC: [8] Undefined index: PLATFORM_CODE C:\xampp\htdocs\cmbch5\Application\Home\Common\function.php 第 71 行.
NOTIC: [8] Undefined index: PLATFORM_CODE C:\xampp\htdocs\cmbch5\Application\Home\Common\function.php 第 71 行.
NOTIC: [8] Use of undefined constant CURLOP_TIMEOUT - assumed 'CURLOP_TIMEOUT' C:\xampp\htdocs\cmbch5\Application\Home\Common\function.php 第 6 行.
NOTIC: [2] curl_setopt() expects parameter 2 to be long, string given C:\xampp\htdocs\cmbch5\Application\Home\Common\function.php 第 6 行.

[ 2016-11-08T16:40:29+08:00 ] 127.0.0.1 /cmbch5/index.php/home/index/doorder
INFO: [ app_init ] --START--
INFO: Run Behavior\BuildLiteBehavior [ RunTime:0.000000s ]
INFO: [ app_init ] --END-- [ RunTime:0.000000s ]
INFO: [ app_begin ] --START--
INFO: Run Behavior\ReadHtmlCacheBehavior [ RunTime:0.000000s ]
INFO: [ app_begin ] --END-- [ RunTime:0.000000s ]
SQL: SHOW COLUMNS FROM `tb_user` [ RunTime:0.0020s ]
SQL: SHOW COLUMNS FROM `tb_product` [ RunTime:0.0020s ]
SQL: SHOW COLUMNS FROM `tb_product_group` [ RunTime:0.0010s ]
SQL: SHOW COLUMNS FROM `tb_product_code` [ RunTime:0.0010s ]
SQL: SHOW COLUMNS FROM `tb_order` [ RunTime:0.0020s ]
SQL: SELECT * FROM `tb_product_group` WHERE ( status=1 )  [ RunTime:0.0010s ]
SQL: SELECT * FROM `tb_product` WHERE `id` IN ('232','231')  [ RunTime:0.0000s ]
SQL: SELECT * FROM `tb_product_code` WHERE ( productid=231 and status=0 ) LIMIT 1   FOR UPDATE  [ RunTime:0.0010s ]
SQL: UPDATE `tb_product_code` SET `status`='1',`updatetime`='2016-11-08 16:40:29' WHERE ( id=213 and status=0 ) [ RunTime:0.0000s ]
NOTIC: [8] Undefined variable: code C:\xampp\htdocs\cmbch5\Application\Home\Controller\IndexController.class.php 第 115 行.
SQL: SELECT * FROM `tb_product_code` WHERE ( productid=232 and status=0 ) LIMIT 1   FOR UPDATE  [ RunTime:0.0000s ]
SQL: UPDATE `tb_product_code` SET `status`='1',`updatetime`='2016-11-08 16:40:29' WHERE ( id=321 and status=0 ) [ RunTime:0.0000s ]
NOTIC: [8] Undefined variable: code C:\xampp\htdocs\cmbch5\Application\Home\Controller\IndexController.class.php 第 115 行.
SQL: INSERT INTO `tb_order` (`tel`,`userid`,`group_id`,`msgcontent`,`productcode`,`remark`,`createtime`,`updatetime`) VALUES ('17751289893','2051233','2','111:213.....321..........','2券码id:332233,3券码id:332234','','2016-11-08 16:40:29','2016-11-08 16:40:29') [ RunTime:0.0000s ]
SQL: UPDATE `tb_product_group` SET `salequantity`=salequantity+1 WHERE (  id=2 and quantity>0 ) [ RunTime:0.0720s ]
SQL: UPDATE `tb_product_group` SET `updatetime`='2016-11-08 16:40:29' WHERE (  id=2 and quantity>0 ) [ RunTime:0.0320s ]
NOTIC: [8] Undefined index: PLATFORM_CODE C:\xampp\htdocs\cmbch5\Application\Home\Common\function.php 第 67 行.
NOTIC: [8] Undefined index: PLATFORM_CODE C:\xampp\htdocs\cmbch5\Application\Home\Common\function.php 第 71 行.
NOTIC: [8] Undefined index: PLATFORM_CODE C:\xampp\htdocs\cmbch5\Application\Home\Common\function.php 第 71 行.
NOTIC: [8] Use of undefined constant CURLOP_TIMEOUT - assumed 'CURLOP_TIMEOUT' C:\xampp\htdocs\cmbch5\Application\Home\Common\function.php 第 6 行.
NOTIC: [2] curl_setopt() expects parameter 2 to be long, string given C:\xampp\htdocs\cmbch5\Application\Home\Common\function.php 第 6 行.

[ 2016-11-08T17:06:35+08:00 ] 127.0.0.1 /cmbch5/index.php/home/index/doorder
INFO: [ app_init ] --START--
INFO: Run Behavior\BuildLiteBehavior [ RunTime:0.000000s ]
INFO: [ app_init ] --END-- [ RunTime:0.000000s ]
INFO: [ app_begin ] --START--
INFO: Run Behavior\ReadHtmlCacheBehavior [ RunTime:0.000000s ]
INFO: [ app_begin ] --END-- [ RunTime:0.000000s ]
SQL: SHOW COLUMNS FROM `tb_user` [ RunTime:0.0010s ]
SQL: SHOW COLUMNS FROM `tb_product` [ RunTime:0.0010s ]
SQL: SHOW COLUMNS FROM `tb_product_group` [ RunTime:0.0010s ]
SQL: SHOW COLUMNS FROM `tb_product_code` [ RunTime:0.0010s ]
SQL: SHOW COLUMNS FROM `tb_order` [ RunTime:0.0010s ]
SQL: SELECT * FROM `tb_product_group` WHERE ( status=1 )  [ RunTime:0.0000s ]
SQL: SELECT * FROM `tb_product` WHERE `id` IN ('230','231')  [ RunTime:0.0000s ]
SQL: SELECT * FROM `tb_product_code` WHERE ( productid=230 and status=0 ) LIMIT 1   FOR UPDATE  [ RunTime:0.0000s ]
SQL: UPDATE `tb_product_code` SET `status`='1',`updatetime`='2016-11-08 17:06:35' WHERE ( id=123 and status=0 ) [ RunTime:0.0000s ]
NOTIC: [8] Undefined variable: code C:\xampp\htdocs\cmbch5\Application\Home\Controller\IndexController.class.php 第 121 行.
SQL: SELECT * FROM `tb_product_code` WHERE ( productid=231 and status=0 ) LIMIT 1   FOR UPDATE  [ RunTime:0.0010s ]
SQL: UPDATE `tb_product_code` SET `status`='1',`updatetime`='2016-11-08 17:06:35' WHERE ( id=213 and status=0 ) [ RunTime:0.0000s ]
NOTIC: [8] Undefined variable: code C:\xampp\htdocs\cmbch5\Application\Home\Controller\IndexController.class.php 第 121 行.
SQL: INSERT INTO `tb_order` (`tel`,`userid`,`group_id`,`msgcontent`,`productcode`,`remark`,`createtime`,`updatetime`) VALUES ('17751289893','2051233','1','123:123...213.....','1券码id:1,2券码id:332233','','2016-11-08 17:06:35','2016-11-08 17:06:35') [ RunTime:0.0000s ]
SQL: UPDATE `tb_product_group` SET `salequantity`=salequantity+1 WHERE (  id=1 and quantity>0 ) [ RunTime:0.3230s ]
SQL: UPDATE `tb_product_group` SET `updatetime`='2016-11-08 17:06:35' WHERE (  id=1 and quantity>0 ) [ RunTime:0.0920s ]
NOTIC: [8] Undefined index: PLATFORM_CODE C:\xampp\htdocs\cmbch5\Application\Home\Common\function.php 第 67 行.
NOTIC: [8] Undefined index: PLATFORM_CODE C:\xampp\htdocs\cmbch5\Application\Home\Common\function.php 第 71 行.
NOTIC: [8] Undefined index: PLATFORM_CODE C:\xampp\htdocs\cmbch5\Application\Home\Common\function.php 第 71 行.
NOTIC: [8] Use of undefined constant CURLOP_TIMEOUT - assumed 'CURLOP_TIMEOUT' C:\xampp\htdocs\cmbch5\Application\Home\Common\function.php 第 6 行.
NOTIC: [2] curl_setopt() expects parameter 2 to be long, string given C:\xampp\htdocs\cmbch5\Application\Home\Common\function.php 第 6 行.
ERR: 1146:Table 'cmbc.tb_pt_log' doesn't exist
 [ SQL语句 ] : SHOW COLUMNS FROM `tb_pt_log`
ERR: 1146:Table 'cmbc.tb_pt_log' doesn't exist
 [ SQL语句 ] : SHOW COLUMNS FROM `tb_pt_log`

[ 2016-11-08T17:06:55+08:00 ] 127.0.0.1 /cmbch5/index.php/home/index/doorder
INFO: [ app_init ] --START--
INFO: Run Behavior\BuildLiteBehavior [ RunTime:0.000000s ]
INFO: [ app_init ] --END-- [ RunTime:0.000000s ]
INFO: [ app_begin ] --START--
INFO: Run Behavior\ReadHtmlCacheBehavior [ RunTime:0.001000s ]
INFO: [ app_begin ] --END-- [ RunTime:0.001000s ]
SQL: SHOW COLUMNS FROM `tb_user` [ RunTime:0.0010s ]
SQL: SHOW COLUMNS FROM `tb_product` [ RunTime:0.0010s ]
SQL: SHOW COLUMNS FROM `tb_product_group` [ RunTime:0.0020s ]
SQL: SHOW COLUMNS FROM `tb_product_code` [ RunTime:0.0010s ]
SQL: SHOW COLUMNS FROM `tb_order` [ RunTime:0.0010s ]
SQL: SELECT * FROM `tb_product_group` WHERE ( status=1 )  [ RunTime:0.0010s ]
SQL: SELECT * FROM `tb_product` WHERE `id` IN ('232','231')  [ RunTime:0.0000s ]
SQL: SELECT * FROM `tb_product_code` WHERE ( productid=231 and status=0 ) LIMIT 1   FOR UPDATE  [ RunTime:0.0000s ]
SQL: UPDATE `tb_product_code` SET `status`='1',`updatetime`='2016-11-08 17:06:55' WHERE ( id=213 and status=0 ) [ RunTime:0.0000s ]
NOTIC: [8] Undefined variable: code C:\xampp\htdocs\cmbch5\Application\Home\Controller\IndexController.class.php 第 121 行.
SQL: SELECT * FROM `tb_product_code` WHERE ( productid=232 and status=0 ) LIMIT 1   FOR UPDATE  [ RunTime:0.0000s ]
SQL: UPDATE `tb_product_code` SET `status`='1',`updatetime`='2016-11-08 17:06:55' WHERE ( id=321 and status=0 ) [ RunTime:0.0000s ]
NOTIC: [8] Undefined variable: code C:\xampp\htdocs\cmbch5\Application\Home\Controller\IndexController.class.php 第 121 行.
SQL: INSERT INTO `tb_order` (`tel`,`userid`,`group_id`,`msgcontent`,`productcode`,`remark`,`createtime`,`updatetime`) VALUES ('17751289893','2051233','2','111:213.....321..........','2券码id:332233,3券码id:332234','','2016-11-08 17:06:55','2016-11-08 17:06:55') [ RunTime:0.0000s ]
SQL: UPDATE `tb_product_group` SET `salequantity`=salequantity+1 WHERE (  id=2 and quantity>0 ) [ RunTime:0.0480s ]
SQL: UPDATE `tb_product_group` SET `updatetime`='2016-11-08 17:06:55' WHERE (  id=2 and quantity>0 ) [ RunTime:0.0330s ]
NOTIC: [8] Undefined index: PLATFORM_CODE C:\xampp\htdocs\cmbch5\Application\Home\Common\function.php 第 67 行.
NOTIC: [8] Undefined index: PLATFORM_CODE C:\xampp\htdocs\cmbch5\Application\Home\Common\function.php 第 71 行.
NOTIC: [8] Undefined index: PLATFORM_CODE C:\xampp\htdocs\cmbch5\Application\Home\Common\function.php 第 71 行.
NOTIC: [8] Use of undefined constant CURLOP_TIMEOUT - assumed 'CURLOP_TIMEOUT' C:\xampp\htdocs\cmbch5\Application\Home\Common\function.php 第 6 行.
NOTIC: [2] curl_setopt() expects parameter 2 to be long, string given C:\xampp\htdocs\cmbch5\Application\Home\Common\function.php 第 6 行.
SQL: SHOW COLUMNS FROM `tb_log` [ RunTime:0.0960s ]
SQL: INSERT INTO `tb_log` (`uid`,`username`,`ptid`,`ptname`,`productid`,`action`,`content`,`ip`,`longitude`,`latitude`,`sex`,`openid`,`zwcmopenid`,`createtime`,`details`,`useragent`) VALUES ('2051233','','0','','232','Member/doOrder/loganalysis','用户下订单-成功','127.0.0.1','','','0','123','','2016-11-08 17:06:55','','Mozilla/5.0 (iPhone; CPU iPhone OS 9_1 like Mac OS X) AppleWebKit/601.1.46 (KHTML, like Gecko) Version/9.0 Mobile/13B143 Safari/601.1 wechatdevtools/0.7.0 MicroMessenger/6.2.2 Language/zh_CN webview/0') [ RunTime:0.0000s ]

